[     897ms] [WARNING] Mixed Content: The page at 'https://mp.weixin.qq.com/s/xAFQnjNFAwtV0sRv9m819w' was loaded over HTTPS, but requested an insecure element 'http://mmbiz.qpic.cn/mmbiz_png/A5AZPRIiakEIhcjXobvFF8FDDoabQibiaMTW3LBXK5VD5ciaKeWYxQia4GxOHv8v6WJUkZwetGNGvWtUoanWNTuIgMQ/0?wx_fmt=png'. This request was automatically upgraded to HTTPS, For more information see https://blog.chromium.org/2019/10/no-more-mixed-messages-about-https.html @ https://mp.weixin.qq.com/s/xAFQnjNFAwtV0sRv9m819w:0
[    1651ms] [WARNING] Mixed Content: The page at 'https://mp.weixin.qq.com/s/xAFQnjNFAwtV0sRv9m819w' was loaded over HTTPS, but requested an insecure element 'http://mmbiz.qpic.cn/mmbiz_png/A5AZPRIiakEIhcjXobvFF8FDDoabQibiaMTW3LBXK5VD5ciaKeWYxQia4GxOHv8v6WJUkZwetGNGvWtUoanWNTuIgMQ/0?wx_fmt=png'. This request was automatically upgraded to HTTPS, For more information see https://blog.chromium.org/2019/10/no-more-mixed-messages-about-https.html @ https://mp.weixin.qq.com/s/xAFQnjNFAwtV0sRv9m819w:4145
[    2262ms] [LOG] tingIsShow, tingHeardCnt   @ https://mp.weixin.qq.com/s/xAFQnjNFAwtV0sRv9m819w:43058
[    2311ms] [LOG] canUseStar, startPersonCnt false  @ https://mp.weixin.qq.com/s/xAFQnjNFAwtV0sRv9m819w:46434
[    2416ms] [LOG] SyntaxError: Unexpected end of JSON input
    at JSON.parse (<anonymous>)
    at __setPageContentBottomData (https://mp.weixin.qq.com/s/xAFQnjNFAwtV0sRv9m819w:47667:77)
    at https://mp.weixin.qq.com/s/xAFQnjNFAwtV0sRv9m819w:47727:5
    at https://mp.weixin.qq.com/s/xAFQnjNFAwtV0sRv9m819w:47733:3 @ https://mp.weixin.qq.com/s/xAFQnjNFAwtV0sRv9m819w:47713
[    2451ms] [LOG] dedupePromise key=getBiz:false:1 existing=undefined @ https://res.wx.qq.com/mmbizappmsg/zh_CN/htmledition/js/assets/page_utils.mrivjjhkfd4bacbc.js:0
[    2460ms] [LOG] dedupePromise key=getBiz:false:1 existing=[object Promise] @ https://res.wx.qq.com/mmbizappmsg/zh_CN/htmledition/js/assets/page_utils.mrivjjhkfd4bacbc.js:0
[    2461ms] [LOG] dedupePromise key=getAllBiz:false existing=undefined @ https://res.wx.qq.com/mmbizappmsg/zh_CN/htmledition/js/assets/page_utils.mrivjjhkfd4bacbc.js:0
[    2462ms] [LOG] dedupePromise key=getWxInfo existing=undefined @ https://res.wx.qq.com/mmbizappmsg/zh_CN/htmledition/js/assets/page_utils.mrivjjhkfd4bacbc.js:0
[    2462ms] [LOG] dedupePromise key=getBiz:false:1 existing=[object Promise] @ https://res.wx.qq.com/mmbizappmsg/zh_CN/htmledition/js/assets/page_utils.mrivjjhkfd4bacbc.js:0
[    2577ms] [LOG] dedupePromise key=getBiz:false:1 existing=[object Promise] @ https://res.wx.qq.com/mmbizappmsg/zh_CN/htmledition/js/assets/page_utils.mrivjjhkfd4bacbc.js:0
[    2577ms] [LOG] dedupePromise key=getAllBiz:false existing=[object Promise] @ https://res.wx.qq.com/mmbizappmsg/zh_CN/htmledition/js/assets/page_utils.mrivjjhkfd4bacbc.js:0
[    2578ms] [LOG] dedupePromise key=getWxInfo existing=[object Promise] @ https://res.wx.qq.com/mmbizappmsg/zh_CN/htmledition/js/assets/page_utils.mrivjjhkfd4bacbc.js:0
[    2578ms] [LOG] dedupePromise key=getBiz:false:1 existing=[object Promise] @ https://res.wx.qq.com/mmbizappmsg/zh_CN/htmledition/js/assets/page_utils.mrivjjhkfd4bacbc.js:0
[    2648ms] [LOG] dedupePromise key=getBiz:false:1 existing=[object Promise] @ https://res.wx.qq.com/mmbizappmsg/zh_CN/htmledition/js/assets/page_utils.mrivjjhkfd4bacbc.js:0
[    2854ms] [LOG] dedupePromise key=getBiz:false:1 existing=[object Promise] @ https://res.wx.qq.com/mmbizappmsg/zh_CN/htmledition/js/assets/page_utils.mrivjjhkfd4bacbc.js:0
[    2855ms] [LOG] dedupePromise key=getAllBiz:false existing=[object Promise] @ https://res.wx.qq.com/mmbizappmsg/zh_CN/htmledition/js/assets/page_utils.mrivjjhkfd4bacbc.js:0
[    2856ms] [LOG] dedupePromise key=getWxInfo existing=[object Promise] @ https://res.wx.qq.com/mmbizappmsg/zh_CN/htmledition/js/assets/page_utils.mrivjjhkfd4bacbc.js:0
[    2874ms] [LOG] support wcslplayer false @ https://res.wx.qq.com/mmbizappmsg/zh_CN/htmledition/js/assets/cover_next.mrivjjhkbe507832.js:0
[    2948ms] [LOG] canUseStar, startPersonCnt false <%@JsEncode($user_info.appmsg_bar_data.star_num.DATA$)%> @ https://res.wx.qq.com/mmbizappmsg/zh_CN/htmledition/js/assets/set_star.mrivjjhk913ab603.js:0
[    3024ms] [LOG] in white list undefined 1784009652719 @ https://res.wx.qq.com/mmbizappmsg/zh_CN/htmledition/js/assets/wxwork_hidden.mrivjjhkeea0f050.js:2
[    3028ms] [LOG] dedupePromise key=getBiz:false:1 existing=[object Promise] @ https://res.wx.qq.com/mmbizappmsg/zh_CN/htmledition/js/assets/page_utils.mrivjjhkfd4bacbc.js:0
[    3041ms] [LOG] dedupePromise key=getBiz:false:1 existing=[object Promise] @ https://res.wx.qq.com/mmbizappmsg/zh_CN/htmledition/js/assets/page_utils.mrivjjhkfd4bacbc.js:0
[    3045ms] [LOG] dedupePromise key=getBiz:false:1 existing=[object Promise] @ https://res.wx.qq.com/mmbizappmsg/zh_CN/htmledition/js/assets/page_utils.mrivjjhkfd4bacbc.js:0
[    3094ms] [LOG] [Appmsg comment] start get comment data, url:/mp/appmsg_comment?action=getcomment&scene=0&appmsgid=2247486349&idx=1&__biz=MzUzMzY4Njc0NA==&comment_id=4311386318439038993&offset=0&buffer=&limit=100&send_time=&sessionid=svr_341874309ea&enterid=1784009650&top_content_id=&top_reply_id=&comment_scene=0 @ https://res.wx.qq.com/mmbizappmsg/zh_CN/htmledition/js/assets/appmsg_comment.mrivjjhk7fc99af2.js:4
[    3095ms] [LOG] dedupePromise key=getBiz:false:1 existing=[object Promise] @ https://res.wx.qq.com/mmbizappmsg/zh_CN/htmledition/js/assets/page_utils.mrivjjhkfd4bacbc.js:0
[    3124ms] [LOG] dedupePromise key=getAllBiz:false existing=[object Promise] @ https://res.wx.qq.com/mmbizappmsg/zh_CN/htmledition/js/assets/page_utils.mrivjjhkfd4bacbc.js:0
[    3125ms] [LOG] getIdentity========== @ https://res.wx.qq.com/mmbizappmsg/zh_CN/htmledition/js/assets/Identity.mrivjjhk25657a02.js:2
[    3126ms] [LOG] dedupePromise key=getBiz:false:1 existing=[object Promise] @ https://res.wx.qq.com/mmbizappmsg/zh_CN/htmledition/js/assets/page_utils.mrivjjhkfd4bacbc.js:0
[    3127ms] [INFO] [IndexedDBAdapter] IndexedDB initialized successfully  @ https://res.wx.qq.com/mmbizappmsg/zh_CN/htmledition/js/assets/state_sync_manager.mrivjjhkb8d72cbc.js:2
[    3131ms] [INFO] [图文信息] 三元组: MzUzMzY4Njc0NA== 2247486349 1 @ https://res.wx.qq.com/mmbizappmsg/zh_CN/htmledition/js/assets/appmsg.mrivjjhka9cf47e9.js:8
[    3131ms] [INFO] [用户信息] 设备信息: 是否安卓 undefined 是否IOS undefined 是否秒开场景 undefined 系统版本 10_15 用户uin 0 是否小程序内打开 false @ https://res.wx.qq.com/mmbizappmsg/zh_CN/htmledition/js/assets/appmsg.mrivjjhka9cf47e9.js:8
[    3131ms] [LOG] wx config web compt result [wxOpen] {err_msg: handleMPPageAction:fail_webcompt unsupported} @ https://res.wx.qq.com/mmbizappmsg/zh_CN/htmledition/js/assets/page_utils.mrivjjhkfd4bacbc.js:0
[    3156ms] [LOG] dedupePromise key=getBiz:false:1 existing=[object Promise] @ https://res.wx.qq.com/mmbizappmsg/zh_CN/htmledition/js/assets/page_utils.mrivjjhkfd4bacbc.js:0
[    3183ms] [INFO] [(评论、点赞、赞赏) 发送请求]:  Tue Jul 14 2026 14:14:12 GMT+0800 (中国标准时间) @ https://res.wx.qq.com/mmbizappmsg/zh_CN/htmledition/js/assets/appmsgext.mrivjjhkbaec2ad5.js:0
[    3184ms] [LOG] dedupePromise key=getBiz:false:1 existing=[object Promise] @ https://res.wx.qq.com/mmbizappmsg/zh_CN/htmledition/js/assets/page_utils.mrivjjhkfd4bacbc.js:0
[    3187ms] [LOG] dedupePromise key=getBiz:false:1 existing=[object Promise] @ https://res.wx.qq.com/mmbizappmsg/zh_CN/htmledition/js/assets/page_utils.mrivjjhkfd4bacbc.js:0
[    3194ms] [LOG] ======ad fontScaleCssVars change 1 1 1 @ https://res.wx.qq.com/mmbizappmsg/zh_CN/htmledition/js/assets/a.mrivjjhk87a18178.js:0
[    3213ms] [INFO] [广告发送请求] 是否拉取广告 0 @ https://res.wx.qq.com/mmbizappmsg/zh_CN/htmledition/js/assets/mp_async.mrivjjhk35aebdcf.js:0
[    3213ms] [INFO] [强制广告] 是否强制去掉广告 0 @ https://res.wx.qq.com/mmbizappmsg/zh_CN/htmledition/js/assets/mp_async.mrivjjhk35aebdcf.js:0
[    3214ms] [LOG] dedupePromise key=getBiz:false:1 existing=[object Promise] @ https://res.wx.qq.com/mmbizappmsg/zh_CN/htmledition/js/assets/page_utils.mrivjjhkfd4bacbc.js:0
[    3229ms] [LOG] [PagePos] init entry @ https://res.wx.qq.com/mmbizappmsg/zh_CN/htmledition/js/assets/appmsg.mrivjjhka9cf47e9.js:8
[    3230ms] [LOG] [PagePos] init call @ https://res.wx.qq.com/mmbizappmsg/zh_CN/htmledition/js/assets/store.mrivjjhk3c3a8dca.js:0
[    3425ms] [LOG] [PagePos] commReport leaveReport addReport @ https://res.wx.qq.com/mmbizappmsg/zh_CN/htmledition/js/assets/store.mrivjjhk3c3a8dca.js:0
[    3432ms] [LOG] [Appmsg comment] start get comment data, url:/mp/appmsg_comment?action=getcomment&scene=0&appmsgid=2247486349&idx=1&__biz=MzUzMzY4Njc0NA==&comment_id=4311386318439038993&offset=0&buffer=&limit=100&send_time=&sessionid=svr_341874309ea&enterid=1784009650&top_content_id=&top_reply_id=&comment_scene=0 @ https://res.wx.qq.com/mmbizappmsg/zh_CN/htmledition/js/assets/appmsg_comment.mrivjjhk7fc99af2.js:4
[    3432ms] [LOG] dedupePromise key=getBiz:false:1 existing=[object Promise] @ https://res.wx.qq.com/mmbizappmsg/zh_CN/htmledition/js/assets/page_utils.mrivjjhkfd4bacbc.js:0
[    3435ms] [WARNING] Mixed Content: The page at 'https://mp.weixin.qq.com/s/xAFQnjNFAwtV0sRv9m819w' was loaded over HTTPS, but requested an insecure element 'http://mmbiz.qpic.cn/mmbiz_png/A5AZPRIiakEIhcjXobvFF8FDDoabQibiaMTW3LBXK5VD5ciaKeWYxQia4GxOHv8v6WJUkZwetGNGvWtUoanWNTuIgMQ/300?wx_fmt=png&wxfrom=18'. This request was automatically upgraded to HTTPS, For more information see https://blog.chromium.org/2019/10/no-more-mixed-messages-about-https.html @ https://mp.weixin.qq.com/s/xAFQnjNFAwtV0sRv9m819w:0
[    3462ms] [INFO] [currentMpInfo]set url {interaction_url: , underline_url: } @ https://res.wx.qq.com/mmbizappmsg/zh_CN/htmledition/js/assets/appmsg.mrivjjhka9cf47e9.js:8
[    3700ms] [LOG] dedupePromise key=getBiz:false:1 existing=undefined @ https://mp.weixin.qq.com/s/xAFQnjNFAwtV0sRv9m819w:5652
[    3711ms] [LOG] [comm_report] reportjson:  {CgiPath: /mp/getbizbanner, Action: , Query: ?__biz=MzUzMzY4Njc0NA==&uin=&key=&pass_ticket=&wxt…%3D&appmsg_token=&x5=0&f=json&user_article_role=0, PostData: , Method: GET} @ https://res.wx.qq.com/mmbizappmsg/zh_CN/htmledition/js/assets/page_utils.mrivjjhkfd4bacbc.js:0
[    3714ms] [LOG] [comm_report] reportjson:  {CgiPath: /mp/appmsg_comment, Action: getsegment, Query: ?action=getsegment&appmsgid=2247486349&idx=1&comme…%3D&appmsg_token=&x5=0&f=json&user_article_role=0, PostData: modify_detail=%5B%5D&modify_detail_new=undefined&modify_time=0&linefeed_card=, Method: POST} @ https://res.wx.qq.com/mmbizappmsg/zh_CN/htmledition/js/assets/page_utils.mrivjjhkfd4bacbc.js:0
[    3714ms] [LOG] segmentlist:  {base_resp: Object, ret: -3, errmsg: no session, cookie_count: 0} @ https://res.wx.qq.com/mmbizappmsg/zh_CN/htmledition/js/assets/wxwork_hidden.mrivjjhkeea0f050.js:2
[    3714ms] [LOG] [comm_report] reportjson:  {CgiPath: /mp/relatedsearchword, Action: getimagekeyword, Query: ?action=getimagekeyword&__biz=MzUzMzY4Njc0NA==&mid…%3D&appmsg_token=&x5=0&f=json&user_article_role=0, PostData: , Method: GET} @ https://res.wx.qq.com/mmbizappmsg/zh_CN/htmledition/js/assets/page_utils.mrivjjhkfd4bacbc.js:0
[    3715ms] [LOG] [comm_report] reportjson:  {CgiPath: /mp/frontendcommstore, Action: , Query: ?operate_type=GetServiceData&service_name=phPopove…%3D&appmsg_token=&x5=0&f=json&user_article_role=0, PostData: , Method: GET} @ https://res.wx.qq.com/mmbizappmsg/zh_CN/htmledition/js/assets/page_utils.mrivjjhkfd4bacbc.js:0
[    3715ms] [LOG] [reportData]:  {count: 4, reportjson0: {"CgiPath":"/mp/getbizbanner","Action":"","Query":…in.qq.com","log_id":36408,"TimeStamp":1784009653}, reportjson1: {"CgiPath":"/mp/appmsg_comment","Action":"getsegme…in.qq.com","log_id":36408,"TimeStamp":1784009653}, reportjson2: {"CgiPath":"/mp/relatedsearchword","Action":"getim…in.qq.com","log_id":36408,"TimeStamp":1784009653}, reportjson3: {"CgiPath":"/mp/frontendcommstore","Action":"","Qu…in.qq.com","log_id":36408,"TimeStamp":1784009653}} @ https://res.wx.qq.com/mmbizappmsg/zh_CN/htmledition/js/assets/page_utils.mrivjjhkfd4bacbc.js:0
[    3715ms] [LOG] dedupePromise key=getBiz:false:1 existing=undefined @ https://res.wx.qq.com/mmbizappmsg/zh_CN/htmledition/js/assets/page_utils.mrivjjhkfd4bacbc.js:0
[    3716ms] [ERROR] Unknown error happened. @ https://res.wx.qq.com/mmbizappmsg/zh_CN/htmledition/js/assets/handle_change_inter_identity.mrivjjhkb7145a2b.js:7
[    3716ms] [LOG] [comm_report] reportjson:  {CgiPath: /mp/appmsg_comment, Action: getidentitylist, Query: ?action=getidentitylist&scene=0&register=0&uin=&ke…%3D&appmsg_token=&x5=0&f=json&user_article_role=0, PostData: , Method: GET} @ https://res.wx.qq.com/mmbizappmsg/zh_CN/htmledition/js/assets/page_utils.mrivjjhkfd4bacbc.js:0
[    3717ms] [LOG] [comm_report] reportjson:  {CgiPath: /mp/appmsg_comment, Action: getextracomment, Query: ?action=getextracomment&appmsgid=2247486349&idx=1&…%3D&appmsg_token=&x5=0&f=json&user_article_role=0, PostData: , Method: GET} @ https://res.wx.qq.com/mmbizappmsg/zh_CN/htmledition/js/assets/page_utils.mrivjjhkfd4bacbc.js:0
[    3717ms] [LOG] [comm_report] reportjson:  {CgiPath: /mp/appmsg_comment, Action: getcomment, Query: ?action=getcomment&scene=0&appmsgid=2247486349&idx…%3D&appmsg_token=&x5=0&f=json&user_article_role=0, PostData: , Method: GET} @ https://res.wx.qq.com/mmbizappmsg/zh_CN/htmledition/js/assets/page_utils.mrivjjhkfd4bacbc.js:0
[    3720ms] [LOG] [comm_report] reportjson:  {CgiPath: /mp/appmsg_comment, Action: getcomment, Query: ?action=getcomment&scene=0&appmsgid=2247486349&idx…%3D&appmsg_token=&x5=0&f=json&user_article_role=0, PostData: , Method: GET} @ https://res.wx.qq.com/mmbizappmsg/zh_CN/htmledition/js/assets/page_utils.mrivjjhkfd4bacbc.js:0
[    3720ms] [LOG] [reportData]:  {count: 4, reportjson0: {"CgiPath":"/mp/appmsg_comment","Action":"getident…in.qq.com","log_id":36408,"TimeStamp":1784009653}, reportjson1: {"CgiPath":"/mp/appmsg_comment","Action":"getextra…in.qq.com","log_id":36408,"TimeStamp":1784009653}, reportjson2: {"CgiPath":"/mp/appmsg_comment","Action":"getcomme…in.qq.com","log_id":36408,"TimeStamp":1784009653}, reportjson3: {"CgiPath":"/mp/appmsg_comment","Action":"getcomme…in.qq.com","log_id":36408,"TimeStamp":1784009653}} @ https://res.wx.qq.com/mmbizappmsg/zh_CN/htmledition/js/assets/page_utils.mrivjjhkfd4bacbc.js:0
[    3720ms] [LOG] dedupePromise key=getBiz:false:1 existing=undefined @ https://res.wx.qq.com/mmbizappmsg/zh_CN/htmledition/js/assets/page_utils.mrivjjhkfd4bacbc.js:0
[    3728ms] [LOG] https://mmbiz.qpic.cn/mmbiz_jpg/A5AZPRIiakEIDqeicdETYEe2eMPjvzoD9xmB1KqqxphYsjiaSY1J8BBrbDcibAEOUgr39WKiaiaIDF6K9wLLIBQyxpicw/640?wx_fmt=other&from=appmsg&watermark=1&tp=webp&wxfrom=5&wx_lazy=1#imgIndex=0 img true https://mmbiz.qpic.cn/mmbiz_jpg/A5AZPRIiakEIDqeicdETYEe2eMPjvzoD9xmB1KqqxphYsjiaSY1J8BBrbDcibAEOUgr39WKiaiaIDF6K9wLLIBQyxpicw/640?wx_fmt=other&from=appmsg&watermark=1#imgIndex=0 @ https://res.wx.qq.com/mmbizappmsg/zh_CN/htmledition/js/assets/appmsg.mrivjjhka9cf47e9.js:2
[    3729ms] [LOG] [comm_report] reportjson:  {CgiPath: /mp/getappmsgext, Action: , Query: ?f=json&mock=&uin=&key=&pass_ticket=&wxtoken=777&d…%3D&appmsg_token=&x5=0&f=json&user_article_role=0, PostData: r=0.9312768840800267&__biz=MzUzMzY4Njc0NA%3D%3D&ap…nt_comment_id=4311386331441381381&business_type=0, Method: POST} @ https://res.wx.qq.com/mmbizappmsg/zh_CN/htmledition/js/assets/page_utils.mrivjjhkfd4bacbc.js:0
[    3730ms] [INFO] [(评论、点赞、赞赏) 响应请求]:  Tue Jul 14 2026 14:14:13 GMT+0800 (中国标准时间) {advertisement_info: Array(0), appmsg_album_videos: Array(0), base_resp: Object, effective_content_last_html_node: Array(0), link_component_list: Array(0)} @ https://res.wx.qq.com/mmbizappmsg/zh_CN/htmledition/js/assets/appmsgext.mrivjjhkbaec2ad5.js:0
[    3731ms] [WARNING] window.ext_complete_success: true @ https://res.wx.qq.com/mmbizappmsg/zh_CN/htmledition/js/assets/appmsg.mrivjjhka9cf47e9.js:2
[    3760ms] [LOG] [comm_report] reportjson:  {CgiPath: /mp/getappmsgad, Action: , Query: ?f=json&mockid=&rtx=&uin=&key=&pass_ticket=&wxtoke…%3D&appmsg_token=&x5=0&f=json&user_article_role=0, PostData: r=0.9406213582974142&appmsg_type=9&mid=2247486349&…eed_ad=0&both_ad=0&pos_type_list=&vid_list=%5B%5D, Method: POST} @ https://res.wx.qq.com/mmbizappmsg/zh_CN/htmledition/js/assets/page_utils.mrivjjhkfd4bacbc.js:0
[    3761ms] [INFO] [广告响应请求] {base_resp: Object, ret: -3, errmsg: no session, cookie_count: 0} @ https://res.wx.qq.com/mmbizappmsg/zh_CN/htmledition/js/assets/mp_async.mrivjjhk35aebdcf.js:0
[    3766ms] [LOG] js content size change @ https://res.wx.qq.com/mmbizappmsg/zh_CN/htmledition/js/assets/store.mrivjjhk3c3a8dca.js:0
[    3767ms] [LOG] [comm_report] reportjson:  {bizuin: MzUzMzY4Njc0NA==, msgid: 2247486349, idx: 1, sessionid: svr_341874309ea, itemshowtype: 0} @ https://res.wx.qq.com/mmbizappmsg/zh_CN/htmledition/js/assets/page_utils.mrivjjhkfd4bacbc.js:0
[    3767ms] [LOG] [comm_report] reportjson:  {bizuin: MzUzMzY4Njc0NA==, msgid: 2247486349, idx: 1, sessionid: svr_341874309ea, itemshowtype: 0} @ https://res.wx.qq.com/mmbizappmsg/zh_CN/htmledition/js/assets/page_utils.mrivjjhkfd4bacbc.js:0
[    3768ms] [LOG] [reportData]:  {count: 4, reportjson0: {"CgiPath":"/mp/getappmsgext","Action":"","Query":…in.qq.com","log_id":36408,"TimeStamp":1784009653}, reportjson1: {"CgiPath":"/mp/getappmsgad","Action":"","Query":"…in.qq.com","log_id":36408,"TimeStamp":1784009654}, reportjson2: {"bizuin":"MzUzMzY4Njc0NA==","msgid":2247486349,"i…xptype":"","log_id":27894,"TimeStamp":1784009654}, reportjson3: {"bizuin":"MzUzMzY4Njc0NA==","msgid":2247486349,"i…xptype":"","log_id":27894,"TimeStamp":1784009654}} @ https://res.wx.qq.com/mmbizappmsg/zh_CN/htmledition/js/assets/page_utils.mrivjjhkfd4bacbc.js:0
[    3768ms] [LOG] dedupePromise key=getBiz:false:1 existing=undefined @ https://res.wx.qq.com/mmbizappmsg/zh_CN/htmledition/js/assets/page_utils.mrivjjhkfd4bacbc.js:0
[    3769ms] [LOG] [comm_report] reportjson:  {bizuin: MzUzMzY4Njc0NA==, msgid: 2247486349, idx: 1, sessionid: svr_341874309ea, itemshowtype: 0} @ https://res.wx.qq.com/mmbizappmsg/zh_CN/htmledition/js/assets/page_utils.mrivjjhkfd4bacbc.js:0
[    3769ms] [LOG] [comm_report] reportjson:  {bizuin: MzUzMzY4Njc0NA==, msgid: 2247486349, idx: 1, sessionid: svr_341874309ea, itemshowtype: 0} @ https://res.wx.qq.com/mmbizappmsg/zh_CN/htmledition/js/assets/page_utils.mrivjjhkfd4bacbc.js:0
[    3926ms] [INFO] [StateSyncManager] State sync manager initialized successfully  @ https://res.wx.qq.com/mmbizappmsg/zh_CN/htmledition/js/assets/state_sync_manager.mrivjjhkb8d72cbc.js:2
[    3931ms] [LOG] OpenSDK Frame loaded, build time: 2026-6-25 17:57 @ https://open.weixin.qq.com/pcopensdk/frame:1
[    3934ms] [LOG] getRelatedArticleList undefined @ https://res.wx.qq.com/mmbizappmsg/zh_CN/htmledition/js/assets/appmsg.mrivjjhka9cf47e9.js:0
[    4175ms] [ERROR] bottombar-safe-bottom 0 @ https://mp.weixin.qq.com/s/xAFQnjNFAwtV0sRv9m819w:9005
[    4193ms] [WARNING] <meta name="apple-mobile-web-app-capable" content="yes"> is deprecated. Please include <meta name="mobile-web-app-capable" content="yes"> @ https://mp.weixin.qq.com/s/xAFQnjNFAwtV0sRv9m819w:0
[    4215ms] [LOG] dedupePromise key=getBiz:false:1 existing=undefined @ https://res.wx.qq.com/mmbizappmsg/zh_CN/htmledition/js/assets/page_utils.mrivjjhkfd4bacbc.js:0
[    4437ms] [LOG] [comm_report] reportjson:  {CgiPath: /mp/authorreward, Action: , Query: ?act=getrewardsetting&author_id=ofMoI49y8fXHUm9q2H…%3D&appmsg_token=&x5=0&f=json&user_article_role=0, PostData: , Method: POST} @ https://res.wx.qq.com/mmbizappmsg/zh_CN/htmledition/js/assets/page_utils.mrivjjhkfd4bacbc.js:0
[    4702ms] [LOG] dedupePromise key=getBiz:false:1 existing=undefined @ https://mp.weixin.qq.com/s/xAFQnjNFAwtV0sRv9m819w:5652
[    4705ms] [LOG] dedupePromise key=getBiz:false:1 existing=undefined @ https://mp.weixin.qq.com/s/xAFQnjNFAwtV0sRv9m819w:5652
[    4714ms] [LOG] [reportData]:  {count: 3, reportjson0: {"bizuin":"MzUzMzY4Njc0NA==","msgid":2247486349,"i…xptype":"","log_id":27894,"TimeStamp":1784009654}, reportjson1: {"bizuin":"MzUzMzY4Njc0NA==","msgid":2247486349,"i…xptype":"","log_id":27894,"TimeStamp":1784009654}, reportjson2: {"CgiPath":"/mp/authorreward","Action":"","Query":…in.qq.com","log_id":36408,"TimeStamp":1784009654}} @ https://res.wx.qq.com/mmbizappmsg/zh_CN/htmledition/js/assets/page_utils.mrivjjhkfd4bacbc.js:0
[    4715ms] [LOG] dedupePromise key=getBiz:false:1 existing=undefined @ https://res.wx.qq.com/mmbizappmsg/zh_CN/htmledition/js/assets/page_utils.mrivjjhkfd4bacbc.js:0
[    9041ms] [LOG] dedupePromise key=getBiz:false:1 existing=undefined @ https://res.wx.qq.com/mmbizappmsg/zh_CN/htmledition/js/assets/page_utils.mrivjjhkfd4bacbc.js:0
[    9084ms] [LOG] [comm_report] reportjson:  {CgiPath: /mp/appmsgreport, Action: page_time_5s, Query: ?action=page_time_5s&__biz=MzUzMzY4Njc0NA==&uin=&k…%3D&appmsg_token=&x5=0&f=json&user_article_role=0, PostData: report_bizuin=MzUzMzY4Njc0NA%3D%3D&title=%E3%80%90…ype=&expsessionid=&effective_content_height=43587, Method: POST} @ https://res.wx.qq.com/mmbizappmsg/zh_CN/htmledition/js/assets/page_utils.mrivjjhkfd4bacbc.js:0
[   10084ms] [LOG] [reportData]:  {count: 1, reportjson0: {"CgiPath":"/mp/appmsgreport","Action":"page_time_…in.qq.com","log_id":36408,"TimeStamp":1784009659}} @ https://res.wx.qq.com/mmbizappmsg/zh_CN/htmledition/js/assets/page_utils.mrivjjhkfd4bacbc.js:0
[   10084ms] [LOG] dedupePromise key=getBiz:false:1 existing=undefined @ https://res.wx.qq.com/mmbizappmsg/zh_CN/htmledition/js/assets/page_utils.mrivjjhkfd4bacbc.js:0
