[     894ms] [WARNING] Mixed Content: The page at 'https://mp.weixin.qq.com/s/u1jy8nuo9pmBRv6MKepfAA' was loaded over HTTPS, but requested an insecure element 'http://mmbiz.qpic.cn/mmbiz_png/A5AZPRIiakEIhcjXobvFF8FDDoabQibiaMTW3LBXK5VD5ciaKeWYxQia4GxOHv8v6WJUkZwetGNGvWtUoanWNTuIgMQ/0?wx_fmt=png'. This request was automatically upgraded to HTTPS, For more information see https://blog.chromium.org/2019/10/no-more-mixed-messages-about-https.html @ https://mp.weixin.qq.com/s/u1jy8nuo9pmBRv6MKepfAA:0
[    2207ms] [WARNING] Mixed Content: The page at 'https://mp.weixin.qq.com/s/u1jy8nuo9pmBRv6MKepfAA' was loaded over HTTPS, but requested an insecure element 'http://mmbiz.qpic.cn/mmbiz_png/A5AZPRIiakEIhcjXobvFF8FDDoabQibiaMTW3LBXK5VD5ciaKeWYxQia4GxOHv8v6WJUkZwetGNGvWtUoanWNTuIgMQ/0?wx_fmt=png'. This request was automatically upgraded to HTTPS, For more information see https://blog.chromium.org/2019/10/no-more-mixed-messages-about-https.html @ https://mp.weixin.qq.com/s/u1jy8nuo9pmBRv6MKepfAA:3407
[    3344ms] [LOG] tingIsShow, tingHeardCnt   @ https://mp.weixin.qq.com/s/u1jy8nuo9pmBRv6MKepfAA:41935
[    3370ms] [LOG] canUseStar, startPersonCnt false  @ https://mp.weixin.qq.com/s/u1jy8nuo9pmBRv6MKepfAA:45311
[    3393ms] [LOG] SyntaxError: Unexpected end of JSON input
    at JSON.parse (<anonymous>)
    at __setPageContentBottomData (https://mp.weixin.qq.com/s/u1jy8nuo9pmBRv6MKepfAA:46544:77)
    at https://mp.weixin.qq.com/s/u1jy8nuo9pmBRv6MKepfAA:46604:5
    at https://mp.weixin.qq.com/s/u1jy8nuo9pmBRv6MKepfAA:46610:3 @ https://mp.weixin.qq.com/s/u1jy8nuo9pmBRv6MKepfAA:46590
[    3406ms] [LOG] dedupePromise key=getBiz:false:1 existing=undefined @ https://res.wx.qq.com/mmbizappmsg/zh_CN/htmledition/js/assets/page_utils.mrivjjhkfd4bacbc.js:0
[    3411ms] [LOG] dedupePromise key=getBiz:false:1 existing=[object Promise] @ https://res.wx.qq.com/mmbizappmsg/zh_CN/htmledition/js/assets/page_utils.mrivjjhkfd4bacbc.js:0
[    3412ms] [LOG] dedupePromise key=getAllBiz:false existing=undefined @ https://res.wx.qq.com/mmbizappmsg/zh_CN/htmledition/js/assets/page_utils.mrivjjhkfd4bacbc.js:0
[    3412ms] [LOG] dedupePromise key=getWxInfo existing=undefined @ https://res.wx.qq.com/mmbizappmsg/zh_CN/htmledition/js/assets/page_utils.mrivjjhkfd4bacbc.js:0
[    3412ms] [LOG] dedupePromise key=getBiz:false:1 existing=[object Promise] @ https://res.wx.qq.com/mmbizappmsg/zh_CN/htmledition/js/assets/page_utils.mrivjjhkfd4bacbc.js:0
[    3417ms] [LOG] dedupePromise key=getBiz:false:1 existing=[object Promise] @ https://res.wx.qq.com/mmbizappmsg/zh_CN/htmledition/js/assets/page_utils.mrivjjhkfd4bacbc.js:0
[    3417ms] [LOG] dedupePromise key=getAllBiz:false existing=[object Promise] @ https://res.wx.qq.com/mmbizappmsg/zh_CN/htmledition/js/assets/page_utils.mrivjjhkfd4bacbc.js:0
[    3417ms] [LOG] dedupePromise key=getWxInfo existing=[object Promise] @ https://res.wx.qq.com/mmbizappmsg/zh_CN/htmledition/js/assets/page_utils.mrivjjhkfd4bacbc.js:0
[    3417ms] [LOG] dedupePromise key=getBiz:false:1 existing=[object Promise] @ https://res.wx.qq.com/mmbizappmsg/zh_CN/htmledition/js/assets/page_utils.mrivjjhkfd4bacbc.js:0
[    3444ms] [LOG] dedupePromise key=getBiz:false:1 existing=[object Promise] @ https://res.wx.qq.com/mmbizappmsg/zh_CN/htmledition/js/assets/page_utils.mrivjjhkfd4bacbc.js:0
[    3512ms] [LOG] dedupePromise key=getBiz:false:1 existing=[object Promise] @ https://res.wx.qq.com/mmbizappmsg/zh_CN/htmledition/js/assets/page_utils.mrivjjhkfd4bacbc.js:0
[    3512ms] [LOG] dedupePromise key=getAllBiz:false existing=[object Promise] @ https://res.wx.qq.com/mmbizappmsg/zh_CN/htmledition/js/assets/page_utils.mrivjjhkfd4bacbc.js:0
[    3512ms] [LOG] dedupePromise key=getWxInfo existing=[object Promise] @ https://res.wx.qq.com/mmbizappmsg/zh_CN/htmledition/js/assets/page_utils.mrivjjhkfd4bacbc.js:0
[    3656ms] [LOG] support wcslplayer false @ https://res.wx.qq.com/mmbizappmsg/zh_CN/htmledition/js/assets/cover_next.mrivjjhkbe507832.js:0
[    3662ms] [LOG] canUseStar, startPersonCnt false <%@JsEncode($user_info.appmsg_bar_data.star_num.DATA$)%> @ https://res.wx.qq.com/mmbizappmsg/zh_CN/htmledition/js/assets/set_star.mrivjjhk913ab603.js:0
[    3689ms] [LOG] in white list undefined 1784009224315 @ https://res.wx.qq.com/mmbizappmsg/zh_CN/htmledition/js/assets/wxwork_hidden.mrivjjhkeea0f050.js:2
[    3694ms] [LOG] dedupePromise key=getBiz:false:1 existing=[object Promise] @ https://res.wx.qq.com/mmbizappmsg/zh_CN/htmledition/js/assets/page_utils.mrivjjhkfd4bacbc.js:0
[    3708ms] [LOG] dedupePromise key=getBiz:false:1 existing=[object Promise] @ https://res.wx.qq.com/mmbizappmsg/zh_CN/htmledition/js/assets/page_utils.mrivjjhkfd4bacbc.js:0
[    3712ms] [LOG] dedupePromise key=getBiz:false:1 existing=[object Promise] @ https://res.wx.qq.com/mmbizappmsg/zh_CN/htmledition/js/assets/page_utils.mrivjjhkfd4bacbc.js:0
[    3721ms] [LOG] [Appmsg comment] start get comment data, url:/mp/appmsg_comment?action=getcomment&scene=0&appmsgid=2247486659&idx=1&__biz=MzUzMzY4Njc0NA==&comment_id=4440632713313779723&offset=0&buffer=&limit=100&send_time=&sessionid=svr_62086c0ba33&enterid=1784009220&top_content_id=&top_reply_id=&comment_scene=0 @ https://res.wx.qq.com/mmbizappmsg/zh_CN/htmledition/js/assets/appmsg_comment.mrivjjhk7fc99af2.js:4
[    3722ms] [LOG] dedupePromise key=getBiz:false:1 existing=[object Promise] @ https://res.wx.qq.com/mmbizappmsg/zh_CN/htmledition/js/assets/page_utils.mrivjjhkfd4bacbc.js:0
[    3756ms] [LOG] dedupePromise key=getAllBiz:false existing=[object Promise] @ https://res.wx.qq.com/mmbizappmsg/zh_CN/htmledition/js/assets/page_utils.mrivjjhkfd4bacbc.js:0
[    3757ms] [LOG] getIdentity========== @ https://res.wx.qq.com/mmbizappmsg/zh_CN/htmledition/js/assets/Identity.mrivjjhk25657a02.js:2
[    3758ms] [LOG] dedupePromise key=getBiz:false:1 existing=[object Promise] @ https://res.wx.qq.com/mmbizappmsg/zh_CN/htmledition/js/assets/page_utils.mrivjjhkfd4bacbc.js:0
[    3761ms] [INFO] [IndexedDBAdapter] IndexedDB initialized successfully  @ https://res.wx.qq.com/mmbizappmsg/zh_CN/htmledition/js/assets/state_sync_manager.mrivjjhkb8d72cbc.js:2
[    3763ms] [INFO] [图文信息] 三元组: MzUzMzY4Njc0NA== 2247486659 1 @ https://res.wx.qq.com/mmbizappmsg/zh_CN/htmledition/js/assets/appmsg.mrivjjhka9cf47e9.js:8
[    3763ms] [INFO] [用户信息] 设备信息: 是否安卓 undefined 是否IOS undefined 是否秒开场景 undefined 系统版本 10_15 用户uin 0 是否小程序内打开 false @ https://res.wx.qq.com/mmbizappmsg/zh_CN/htmledition/js/assets/appmsg.mrivjjhka9cf47e9.js:8
[    3764ms] [LOG] wx config web compt result [wxOpen] {err_msg: handleMPPageAction:fail_webcompt unsupported} @ https://res.wx.qq.com/mmbizappmsg/zh_CN/htmledition/js/assets/page_utils.mrivjjhkfd4bacbc.js:0
[    3785ms] [LOG] dedupePromise key=getBiz:false:1 existing=[object Promise] @ https://res.wx.qq.com/mmbizappmsg/zh_CN/htmledition/js/assets/page_utils.mrivjjhkfd4bacbc.js:0
[    3802ms] [INFO] [(评论、点赞、赞赏) 发送请求]:  Tue Jul 14 2026 14:07:04 GMT+0800 (中国标准时间) @ https://res.wx.qq.com/mmbizappmsg/zh_CN/htmledition/js/assets/appmsgext.mrivjjhkbaec2ad5.js:0
[    3804ms] [LOG] dedupePromise key=getBiz:false:1 existing=[object Promise] @ https://res.wx.qq.com/mmbizappmsg/zh_CN/htmledition/js/assets/page_utils.mrivjjhkfd4bacbc.js:0
[    3824ms] [LOG] dedupePromise key=getBiz:false:1 existing=[object Promise] @ https://res.wx.qq.com/mmbizappmsg/zh_CN/htmledition/js/assets/page_utils.mrivjjhkfd4bacbc.js:0
[    3831ms] [LOG] ======ad fontScaleCssVars change 1 1 1 @ https://res.wx.qq.com/mmbizappmsg/zh_CN/htmledition/js/assets/a.mrivjjhk87a18178.js:0
[    3905ms] [INFO] [广告发送请求] 是否拉取广告 0 @ https://res.wx.qq.com/mmbizappmsg/zh_CN/htmledition/js/assets/mp_async.mrivjjhk35aebdcf.js:0
[    3906ms] [INFO] [强制广告] 是否强制去掉广告 0 @ https://res.wx.qq.com/mmbizappmsg/zh_CN/htmledition/js/assets/mp_async.mrivjjhk35aebdcf.js:0
[    3907ms] [LOG] dedupePromise key=getBiz:false:1 existing=[object Promise] @ https://res.wx.qq.com/mmbizappmsg/zh_CN/htmledition/js/assets/page_utils.mrivjjhkfd4bacbc.js:0
[    3922ms] [LOG] [PagePos] init entry @ https://res.wx.qq.com/mmbizappmsg/zh_CN/htmledition/js/assets/appmsg.mrivjjhka9cf47e9.js:8
[    3924ms] [LOG] [PagePos] init call @ https://res.wx.qq.com/mmbizappmsg/zh_CN/htmledition/js/assets/store.mrivjjhk3c3a8dca.js:0
[    3952ms] [LOG] [PagePos] commReport leaveReport addReport @ https://res.wx.qq.com/mmbizappmsg/zh_CN/htmledition/js/assets/store.mrivjjhk3c3a8dca.js:0
[    3972ms] [LOG] [Appmsg comment] start get comment data, url:/mp/appmsg_comment?action=getcomment&scene=0&appmsgid=2247486659&idx=1&__biz=MzUzMzY4Njc0NA==&comment_id=4440632713313779723&offset=0&buffer=&limit=100&send_time=&sessionid=svr_62086c0ba33&enterid=1784009220&top_content_id=&top_reply_id=&comment_scene=0 @ https://res.wx.qq.com/mmbizappmsg/zh_CN/htmledition/js/assets/appmsg_comment.mrivjjhk7fc99af2.js:4
[    3973ms] [LOG] dedupePromise key=getBiz:false:1 existing=[object Promise] @ https://res.wx.qq.com/mmbizappmsg/zh_CN/htmledition/js/assets/page_utils.mrivjjhkfd4bacbc.js:0
[    3981ms] [WARNING] Mixed Content: The page at 'https://mp.weixin.qq.com/s/u1jy8nuo9pmBRv6MKepfAA' was loaded over HTTPS, but requested an insecure element 'http://mmbiz.qpic.cn/mmbiz_png/A5AZPRIiakEIhcjXobvFF8FDDoabQibiaMTW3LBXK5VD5ciaKeWYxQia4GxOHv8v6WJUkZwetGNGvWtUoanWNTuIgMQ/300?wx_fmt=png&wxfrom=18'. This request was automatically upgraded to HTTPS, For more information see https://blog.chromium.org/2019/10/no-more-mixed-messages-about-https.html @ https://mp.weixin.qq.com/s/u1jy8nuo9pmBRv6MKepfAA:0
[    4050ms] [INFO] [currentMpInfo]set url {interaction_url: , underline_url: } @ https://res.wx.qq.com/mmbizappmsg/zh_CN/htmledition/js/assets/appmsg.mrivjjhka9cf47e9.js:8
[    4073ms] [LOG] [comm_report] reportjson:  {CgiPath: /mp/relatedsearchword, Action: getimagekeyword, Query: ?action=getimagekeyword&__biz=MzUzMzY4Njc0NA==&mid…%3D&appmsg_token=&x5=0&f=json&user_article_role=0, PostData: , Method: GET} @ https://res.wx.qq.com/mmbizappmsg/zh_CN/htmledition/js/assets/page_utils.mrivjjhkfd4bacbc.js:0
[    4074ms] [LOG] [comm_report] reportjson:  {CgiPath: /mp/appmsg_comment, Action: getcomment, Query: ?action=getcomment&scene=0&appmsgid=2247486659&idx…%3D&appmsg_token=&x5=0&f=json&user_article_role=0, PostData: , Method: GET} @ https://res.wx.qq.com/mmbizappmsg/zh_CN/htmledition/js/assets/page_utils.mrivjjhkfd4bacbc.js:0
[    4077ms] [LOG] [comm_report] reportjson:  {CgiPath: /mp/getbizbanner, Action: , Query: ?__biz=MzUzMzY4Njc0NA==&uin=&key=&pass_ticket=&wxt…%3D&appmsg_token=&x5=0&f=json&user_article_role=0, PostData: , Method: GET} @ https://res.wx.qq.com/mmbizappmsg/zh_CN/htmledition/js/assets/page_utils.mrivjjhkfd4bacbc.js:0
[    4078ms] [LOG] [comm_report] reportjson:  {CgiPath: /mp/appmsg_comment, Action: getextracomment, Query: ?action=getextracomment&appmsgid=2247486659&idx=1&…%3D&appmsg_token=&x5=0&f=json&user_article_role=0, PostData: , Method: GET} @ https://res.wx.qq.com/mmbizappmsg/zh_CN/htmledition/js/assets/page_utils.mrivjjhkfd4bacbc.js:0
[    4079ms] [LOG] [reportData]:  {count: 4, reportjson0: {"CgiPath":"/mp/relatedsearchword","Action":"getim…in.qq.com","log_id":36408,"TimeStamp":1784009225}, reportjson1: {"CgiPath":"/mp/appmsg_comment","Action":"getcomme…in.qq.com","log_id":36408,"TimeStamp":1784009225}, reportjson2: {"CgiPath":"/mp/getbizbanner","Action":"","Query":…in.qq.com","log_id":36408,"TimeStamp":1784009225}, reportjson3: {"CgiPath":"/mp/appmsg_comment","Action":"getextra…in.qq.com","log_id":36408,"TimeStamp":1784009225}} @ https://res.wx.qq.com/mmbizappmsg/zh_CN/htmledition/js/assets/page_utils.mrivjjhkfd4bacbc.js:0
[    4079ms] [LOG] dedupePromise key=getBiz:false:1 existing=undefined @ https://res.wx.qq.com/mmbizappmsg/zh_CN/htmledition/js/assets/page_utils.mrivjjhkfd4bacbc.js:0
[    4085ms] [LOG] [comm_report] reportjson:  {CgiPath: /mp/appmsg_comment, Action: getsegment, Query: ?action=getsegment&appmsgid=2247486659&idx=1&comme…%3D&appmsg_token=&x5=0&f=json&user_article_role=0, PostData: modify_detail=%5B%5D&modify_detail_new=undefined&modify_time=0&linefeed_card=, Method: POST} @ https://res.wx.qq.com/mmbizappmsg/zh_CN/htmledition/js/assets/page_utils.mrivjjhkfd4bacbc.js:0
[    4087ms] [LOG] segmentlist:  {base_resp: Object, ret: -3, errmsg: no session, cookie_count: 0} @ https://res.wx.qq.com/mmbizappmsg/zh_CN/htmledition/js/assets/wxwork_hidden.mrivjjhkeea0f050.js:2
[    4087ms] [LOG] [comm_report] reportjson:  {CgiPath: /mp/frontendcommstore, Action: , Query: ?operate_type=GetServiceData&service_name=phPopove…%3D&appmsg_token=&x5=0&f=json&user_article_role=0, PostData: , Method: GET} @ https://res.wx.qq.com/mmbizappmsg/zh_CN/htmledition/js/assets/page_utils.mrivjjhkfd4bacbc.js:0
[    4088ms] [ERROR] Unknown error happened. @ https://res.wx.qq.com/mmbizappmsg/zh_CN/htmledition/js/assets/handle_change_inter_identity.mrivjjhkb7145a2b.js:7
[    4089ms] [LOG] [comm_report] reportjson:  {CgiPath: /mp/appmsg_comment, Action: getidentitylist, Query: ?action=getidentitylist&scene=0&register=0&uin=&ke…%3D&appmsg_token=&x5=0&f=json&user_article_role=0, PostData: , Method: GET} @ https://res.wx.qq.com/mmbizappmsg/zh_CN/htmledition/js/assets/page_utils.mrivjjhkfd4bacbc.js:0
[    4107ms] [LOG] https://mmbiz.qpic.cn/mmbiz_jpg/hmkxKic9qKJEAlQjibtfQYicm0kvArHp0eqsP5MGpCW2IGmIlRNVlUWphUlibwNwePtGQxnsmUtsnX9gUziaQBEPvuLNDd3gr1RPdcgpjKlEORno/640?wx_fmt=other&from=appmsg&watermark=1&tp=webp&wxfrom=5&wx_lazy=1#imgIndex=0 img true https://mmbiz.qpic.cn/mmbiz_jpg/hmkxKic9qKJEAlQjibtfQYicm0kvArHp0eqsP5MGpCW2IGmIlRNVlUWphUlibwNwePtGQxnsmUtsnX9gUziaQBEPvuLNDd3gr1RPdcgpjKlEORno/640?wx_fmt=other&from=appmsg&watermark=1#imgIndex=0 @ https://res.wx.qq.com/mmbizappmsg/zh_CN/htmledition/js/assets/appmsg.mrivjjhka9cf47e9.js:2
[    4108ms] [LOG] https://mmbiz.qpic.cn/sz_mmbiz_jpg/hmkxKic9qKJFJJVwYicj6W07Go7UfvvpcnsEIgCCbMk5DeiaLCxrZLX7fwrv3CQQVPvvWSNSG2AzYnC47HRhw6lmT4d3zrFIkjeYmyS6oxVZow/640?wx_fmt=other&from=appmsg&watermark=1&tp=webp&wxfrom=5&wx_lazy=1#imgIndex=1 img true https://mmbiz.qpic.cn/sz_mmbiz_jpg/hmkxKic9qKJFJJVwYicj6W07Go7UfvvpcnsEIgCCbMk5DeiaLCxrZLX7fwrv3CQQVPvvWSNSG2AzYnC47HRhw6lmT4d3zrFIkjeYmyS6oxVZow/640?wx_fmt=other&from=appmsg&watermark=1#imgIndex=1 @ https://res.wx.qq.com/mmbizappmsg/zh_CN/htmledition/js/assets/appmsg.mrivjjhka9cf47e9.js:2
[    4111ms] [LOG] [comm_report] reportjson:  {CgiPath: /mp/getappmsgext, Action: , Query: ?f=json&mock=&uin=&key=&pass_ticket=&wxtoken=777&d…%3D&appmsg_token=&x5=0&f=json&user_article_role=0, PostData: r=0.7000170899713662&__biz=MzUzMzY4Njc0NA%3D%3D&ap…nt_comment_id=4440632726500671490&business_type=0, Method: POST} @ https://res.wx.qq.com/mmbizappmsg/zh_CN/htmledition/js/assets/page_utils.mrivjjhkfd4bacbc.js:0
[    4112ms] [LOG] [reportData]:  {count: 4, reportjson0: {"CgiPath":"/mp/appmsg_comment","Action":"getsegme…in.qq.com","log_id":36408,"TimeStamp":1784009225}, reportjson1: {"CgiPath":"/mp/frontendcommstore","Action":"","Qu…in.qq.com","log_id":36408,"TimeStamp":1784009225}, reportjson2: {"CgiPath":"/mp/appmsg_comment","Action":"getident…in.qq.com","log_id":36408,"TimeStamp":1784009225}, reportjson3: {"CgiPath":"/mp/getappmsgext","Action":"","Query":…in.qq.com","log_id":36408,"TimeStamp":1784009225}} @ https://res.wx.qq.com/mmbizappmsg/zh_CN/htmledition/js/assets/page_utils.mrivjjhkfd4bacbc.js:0
[    4112ms] [LOG] dedupePromise key=getBiz:false:1 existing=undefined @ https://res.wx.qq.com/mmbizappmsg/zh_CN/htmledition/js/assets/page_utils.mrivjjhkfd4bacbc.js:0
[    4112ms] [INFO] [(评论、点赞、赞赏) 响应请求]:  Tue Jul 14 2026 14:07:04 GMT+0800 (中国标准时间) {advertisement_info: Array(0), appmsg_album_videos: Array(0), base_resp: Object, effective_content_last_html_node: Array(0), link_component_list: Array(0)} @ https://res.wx.qq.com/mmbizappmsg/zh_CN/htmledition/js/assets/appmsgext.mrivjjhkbaec2ad5.js:0
[    4115ms] [WARNING] window.ext_complete_success: true @ https://res.wx.qq.com/mmbizappmsg/zh_CN/htmledition/js/assets/appmsg.mrivjjhka9cf47e9.js:2
[    4135ms] [LOG] [comm_report] reportjson:  {CgiPath: /mp/getappmsgad, Action: , Query: ?f=json&mockid=&rtx=&uin=&key=&pass_ticket=&wxtoke…%3D&appmsg_token=&x5=0&f=json&user_article_role=0, PostData: r=0.069578047732345&appmsg_type=9&mid=2247486659&s…eed_ad=0&both_ad=0&pos_type_list=&vid_list=%5B%5D, Method: POST} @ https://res.wx.qq.com/mmbizappmsg/zh_CN/htmledition/js/assets/page_utils.mrivjjhkfd4bacbc.js:0
[    4136ms] [INFO] [广告响应请求] {base_resp: Object, ret: -3, errmsg: no session, cookie_count: 0} @ https://res.wx.qq.com/mmbizappmsg/zh_CN/htmledition/js/assets/mp_async.mrivjjhk35aebdcf.js:0
[    4149ms] [LOG] [comm_report] reportjson:  {CgiPath: /mp/appmsg_comment, Action: getcomment, Query: ?action=getcomment&scene=0&appmsgid=2247486659&idx…%3D&appmsg_token=&x5=0&f=json&user_article_role=0, PostData: , Method: GET} @ https://res.wx.qq.com/mmbizappmsg/zh_CN/htmledition/js/assets/page_utils.mrivjjhkfd4bacbc.js:0
[    4152ms] [LOG] js content size change @ https://res.wx.qq.com/mmbizappmsg/zh_CN/htmledition/js/assets/store.mrivjjhk3c3a8dca.js:0
[    4164ms] [LOG] [comm_report] reportjson:  {bizuin: MzUzMzY4Njc0NA==, msgid: 2247486659, idx: 1, sessionid: svr_62086c0ba33, itemshowtype: 0} @ https://res.wx.qq.com/mmbizappmsg/zh_CN/htmledition/js/assets/page_utils.mrivjjhkfd4bacbc.js:0
[    4165ms] [LOG] [comm_report] reportjson:  {bizuin: MzUzMzY4Njc0NA==, msgid: 2247486659, idx: 1, sessionid: svr_62086c0ba33, itemshowtype: 0} @ https://res.wx.qq.com/mmbizappmsg/zh_CN/htmledition/js/assets/page_utils.mrivjjhkfd4bacbc.js:0
[    4165ms] [LOG] [reportData]:  {count: 4, reportjson0: {"CgiPath":"/mp/getappmsgad","Action":"","Query":"…in.qq.com","log_id":36408,"TimeStamp":1784009225}, reportjson1: {"CgiPath":"/mp/appmsg_comment","Action":"getcomme…in.qq.com","log_id":36408,"TimeStamp":1784009225}, reportjson2: {"bizuin":"MzUzMzY4Njc0NA==","msgid":2247486659,"i…xptype":"","log_id":27894,"TimeStamp":1784009225}, reportjson3: {"bizuin":"MzUzMzY4Njc0NA==","msgid":2247486659,"i…xptype":"","log_id":27894,"TimeStamp":1784009225}} @ https://res.wx.qq.com/mmbizappmsg/zh_CN/htmledition/js/assets/page_utils.mrivjjhkfd4bacbc.js:0
[    4165ms] [LOG] dedupePromise key=getBiz:false:1 existing=undefined @ https://res.wx.qq.com/mmbizappmsg/zh_CN/htmledition/js/assets/page_utils.mrivjjhkfd4bacbc.js:0
[    4166ms] [LOG] [comm_report] reportjson:  {bizuin: MzUzMzY4Njc0NA==, msgid: 2247486659, idx: 1, sessionid: svr_62086c0ba33, itemshowtype: 0} @ https://res.wx.qq.com/mmbizappmsg/zh_CN/htmledition/js/assets/page_utils.mrivjjhkfd4bacbc.js:0
[    4167ms] [LOG] [comm_report] reportjson:  {bizuin: MzUzMzY4Njc0NA==, msgid: 2247486659, idx: 1, sessionid: svr_62086c0ba33, itemshowtype: 0} @ https://res.wx.qq.com/mmbizappmsg/zh_CN/htmledition/js/assets/page_utils.mrivjjhkfd4bacbc.js:0
[    4168ms] [INFO] [StateSyncManager] State sync manager initialized successfully  @ https://res.wx.qq.com/mmbizappmsg/zh_CN/htmledition/js/assets/state_sync_manager.mrivjjhkb8d72cbc.js:2
[    4173ms] [LOG] getRelatedArticleList undefined @ https://res.wx.qq.com/mmbizappmsg/zh_CN/htmledition/js/assets/appmsg.mrivjjhka9cf47e9.js:0
[    4221ms] [LOG] dedupePromise key=getBiz:false:1 existing=undefined @ https://mp.weixin.qq.com/s/u1jy8nuo9pmBRv6MKepfAA:4914
[    4251ms] [LOG] OpenSDK Frame loaded, build time: 2026-6-25 17:57 @ https://open.weixin.qq.com/pcopensdk/frame:1
[    4311ms] [WARNING] <meta name="apple-mobile-web-app-capable" content="yes"> is deprecated. Please include <meta name="mobile-web-app-capable" content="yes"> @ https://mp.weixin.qq.com/s/u1jy8nuo9pmBRv6MKepfAA:0
[    4464ms] [ERROR] bottombar-safe-bottom 0 @ https://mp.weixin.qq.com/s/u1jy8nuo9pmBRv6MKepfAA:8267
[    4485ms] [LOG] dedupePromise key=getBiz:false:1 existing=undefined @ https://res.wx.qq.com/mmbizappmsg/zh_CN/htmledition/js/assets/page_utils.mrivjjhkfd4bacbc.js:0
[    4578ms] [LOG] [comm_report] reportjson:  {CgiPath: /mp/authorreward, Action: , Query: ?act=getrewardsetting&author_id=ofMoI49y8fXHUm9q2H…%3D&appmsg_token=&x5=0&f=json&user_article_role=0, PostData: , Method: POST} @ https://res.wx.qq.com/mmbizappmsg/zh_CN/htmledition/js/assets/page_utils.mrivjjhkfd4bacbc.js:0
[    4735ms] [LOG] [comm_report] reportjson:  {bizuin: MzUzMzY4Njc0NA==, appmsgid: 2247486659, itemidx: 1, scene: 0, subscene: 0} @ https://res.wx.qq.com/mmbizappmsg/zh_CN/htmledition/js/assets/page_utils.mrivjjhkfd4bacbc.js:0
[    4735ms] [LOG] [reportData]:  {count: 4, reportjson0: {"bizuin":"MzUzMzY4Njc0NA==","msgid":2247486659,"i…xptype":"","log_id":27894,"TimeStamp":1784009225}, reportjson1: {"bizuin":"MzUzMzY4Njc0NA==","msgid":2247486659,"i…xptype":"","log_id":27894,"TimeStamp":1784009225}, reportjson2: {"CgiPath":"/mp/authorreward","Action":"","Query":…in.qq.com","log_id":36408,"TimeStamp":1784009225}, reportjson3: {"bizuin":"MzUzMzY4Njc0NA==","appmsgid":2247486659…mgIndex=0","log_id":34384,"TimeStamp":1784009225}} @ https://res.wx.qq.com/mmbizappmsg/zh_CN/htmledition/js/assets/page_utils.mrivjjhkfd4bacbc.js:0
[    4735ms] [LOG] dedupePromise key=getBiz:false:1 existing=undefined @ https://res.wx.qq.com/mmbizappmsg/zh_CN/htmledition/js/assets/page_utils.mrivjjhkfd4bacbc.js:0
[    9266ms] [LOG] dedupePromise key=getBiz:false:1 existing=undefined @ https://res.wx.qq.com/mmbizappmsg/zh_CN/htmledition/js/assets/page_utils.mrivjjhkfd4bacbc.js:0
[    9304ms] [LOG] [comm_report] reportjson:  {CgiPath: /mp/appmsgreport, Action: page_time_5s, Query: ?action=page_time_5s&__biz=MzUzMzY4Njc0NA==&uin=&k…%3D&appmsg_token=&x5=0&f=json&user_article_role=0, PostData: report_bizuin=MzUzMzY4Njc0NA%3D%3D&title=%E3%80%90…type=&expsessionid=&effective_content_height=6523, Method: POST} @ https://res.wx.qq.com/mmbizappmsg/zh_CN/htmledition/js/assets/page_utils.mrivjjhkfd4bacbc.js:0
[   10305ms] [LOG] [reportData]:  {count: 1, reportjson0: {"CgiPath":"/mp/appmsgreport","Action":"page_time_…in.qq.com","log_id":36408,"TimeStamp":1784009230}} @ https://res.wx.qq.com/mmbizappmsg/zh_CN/htmledition/js/assets/page_utils.mrivjjhkfd4bacbc.js:0
[   10305ms] [LOG] dedupePromise key=getBiz:false:1 existing=undefined @ https://res.wx.qq.com/mmbizappmsg/zh_CN/htmledition/js/assets/page_utils.mrivjjhkfd4bacbc.js:0
[   61559ms] [LOG] https://mmbiz.qpic.cn/sz_mmbiz_jpg/hmkxKic9qKJFyo7lRQ3YAQFKDCGiaouY4WCDNaLO7DD2uMDVuy2BsgEicAeSIpYEbDb05IblxboMFupvTtEzGSw7YfibI779KTInBXlQxbpyhlo/640?wx_fmt=other&from=appmsg&watermark=1&tp=webp&wxfrom=5&wx_lazy=1#imgIndex=2 img true https://mmbiz.qpic.cn/sz_mmbiz_jpg/hmkxKic9qKJFyo7lRQ3YAQFKDCGiaouY4WCDNaLO7DD2uMDVuy2BsgEicAeSIpYEbDb05IblxboMFupvTtEzGSw7YfibI779KTInBXlQxbpyhlo/640?wx_fmt=other&from=appmsg&watermark=1#imgIndex=2 @ https://res.wx.qq.com/mmbizappmsg/zh_CN/htmledition/js/assets/appmsg.mrivjjhka9cf47e9.js:2
[   61996ms] [LOG] [comm_report] reportjson:  {bizuin: MzUzMzY4Njc0NA==, appmsgid: 2247486659, itemidx: 1, scene: 0, subscene: 0} @ https://res.wx.qq.com/mmbizappmsg/zh_CN/htmledition/js/assets/page_utils.mrivjjhkfd4bacbc.js:0
[   62175ms] [LOG] [comm_report] reportjson:  {bizuin: MzUzMzY4Njc0NA==, appmsgid: 2247486659, itemidx: 1, scene: 0, subscene: 0} @ https://res.wx.qq.com/mmbizappmsg/zh_CN/htmledition/js/assets/page_utils.mrivjjhkfd4bacbc.js:0
[   62997ms] [LOG] [reportData]:  {count: 2, reportjson0: {"bizuin":"MzUzMzY4Njc0NA==","appmsgid":2247486659…mgIndex=1","log_id":34384,"TimeStamp":1784009283}, reportjson1: {"bizuin":"MzUzMzY4Njc0NA==","appmsgid":2247486659…mgIndex=2","log_id":34384,"TimeStamp":1784009283}} @ https://res.wx.qq.com/mmbizappmsg/zh_CN/htmledition/js/assets/page_utils.mrivjjhkfd4bacbc.js:0
[   62997ms] [LOG] dedupePromise key=getBiz:false:1 existing=undefined @ https://res.wx.qq.com/mmbizappmsg/zh_CN/htmledition/js/assets/page_utils.mrivjjhkfd4bacbc.js:0
[   64029ms] [LOG] https://mmbiz.qpic.cn/mmbiz_jpg/hmkxKic9qKJGzMJE88EMVQAXabZ8znegaOiag5Gqwf2S1TgYDiccw8cE4ic52qNQgsavjicGKwib3RwrIbmYAvLjdficlAorWYAoHN2uM0HzwibCMic0/640?wx_fmt=other&from=appmsg&watermark=1&tp=webp&wxfrom=5&wx_lazy=1#imgIndex=3 img true https://mmbiz.qpic.cn/mmbiz_jpg/hmkxKic9qKJGzMJE88EMVQAXabZ8znegaOiag5Gqwf2S1TgYDiccw8cE4ic52qNQgsavjicGKwib3RwrIbmYAvLjdficlAorWYAoHN2uM0HzwibCMic0/640?wx_fmt=other&from=appmsg&watermark=1#imgIndex=3 @ https://res.wx.qq.com/mmbizappmsg/zh_CN/htmledition/js/assets/appmsg.mrivjjhka9cf47e9.js:2
[   64601ms] [LOG] [comm_report] reportjson:  {bizuin: MzUzMzY4Njc0NA==, appmsgid: 2247486659, itemidx: 1, scene: 0, subscene: 0} @ https://res.wx.qq.com/mmbizappmsg/zh_CN/htmledition/js/assets/page_utils.mrivjjhkfd4bacbc.js:0
[   64748ms] [LOG] https://mmbiz.qpic.cn/sz_mmbiz_jpg/hmkxKic9qKJFjIbiasTtz4F3PdLz54OPpNzrNWRHh9ibeOwuqtic6v8ytUjbYfic7PEbRxG8hs2DTFE15mIiaYc9fpiahkrqhLmiaX049Vw0l452kBA/640?wx_fmt=other&from=appmsg&watermark=1&tp=webp&wxfrom=5&wx_lazy=1#imgIndex=4 img true https://mmbiz.qpic.cn/sz_mmbiz_jpg/hmkxKic9qKJFjIbiasTtz4F3PdLz54OPpNzrNWRHh9ibeOwuqtic6v8ytUjbYfic7PEbRxG8hs2DTFE15mIiaYc9fpiahkrqhLmiaX049Vw0l452kBA/640?wx_fmt=other&from=appmsg&watermark=1#imgIndex=4 @ https://res.wx.qq.com/mmbizappmsg/zh_CN/htmledition/js/assets/appmsg.mrivjjhka9cf47e9.js:2
[   65415ms] [LOG] [comm_report] reportjson:  {bizuin: MzUzMzY4Njc0NA==, appmsgid: 2247486659, itemidx: 1, scene: 0, subscene: 0} @ https://res.wx.qq.com/mmbizappmsg/zh_CN/htmledition/js/assets/page_utils.mrivjjhkfd4bacbc.js:0
[   65602ms] [LOG] [reportData]:  {count: 2, reportjson0: {"bizuin":"MzUzMzY4Njc0NA==","appmsgid":2247486659…mgIndex=3","log_id":34384,"TimeStamp":1784009285}, reportjson1: {"bizuin":"MzUzMzY4Njc0NA==","appmsgid":2247486659…mgIndex=4","log_id":34384,"TimeStamp":1784009286}} @ https://res.wx.qq.com/mmbizappmsg/zh_CN/htmledition/js/assets/page_utils.mrivjjhkfd4bacbc.js:0
[   65603ms] [LOG] dedupePromise key=getBiz:false:1 existing=undefined @ https://res.wx.qq.com/mmbizappmsg/zh_CN/htmledition/js/assets/page_utils.mrivjjhkfd4bacbc.js:0
[  125736ms] [LOG] dedupePromise key=getBiz:false:1 existing=undefined @ https://res.wx.qq.com/mmbizappmsg/zh_CN/htmledition/js/assets/page_utils.mrivjjhkfd4bacbc.js:0
[  125786ms] [LOG] [comm_report] reportjson:  {CgiPath: /mp/webcommreport, Action: report, Query: ?action=report&report_useruin=1&__biz=MzUzMzY4Njc0…%3D&appmsg_token=&x5=0&f=json&user_article_role=0, PostData: logid=18504&buffer=%2CMzUzMzY4Njc0NA%3D%3D%2C22474…%88%E3%80%91%E5%B4%A9%E4%BA%86%2C2437%2C%2C52%2C0, Method: POST} @ https://res.wx.qq.com/mmbizappmsg/zh_CN/htmledition/js/assets/page_utils.mrivjjhkfd4bacbc.js:0
[  126349ms] [LOG] dedupePromise key=getBiz:false:1 existing=undefined @ https://mp.weixin.qq.com/s/u1jy8nuo9pmBRv6MKepfAA:4914
[  126786ms] [LOG] [reportData]:  {count: 1, reportjson0: {"CgiPath":"/mp/webcommreport","Action":"report","…in.qq.com","log_id":36408,"TimeStamp":1784009346}} @ https://res.wx.qq.com/mmbizappmsg/zh_CN/htmledition/js/assets/page_utils.mrivjjhkfd4bacbc.js:0
[  126787ms] [LOG] dedupePromise key=getBiz:false:1 existing=undefined @ https://res.wx.qq.com/mmbizappmsg/zh_CN/htmledition/js/assets/page_utils.mrivjjhkfd4bacbc.js:0
[  254141ms] [LOG] https://mmbiz.qpic.cn/sz_mmbiz_jpg/hmkxKic9qKJHYibN7kAnrB7y2DwwhBafguMsDNBUXLH7LW93vSTSs1vEOjBz6cnloqloVt2nH7AEkMvw9XPSFfIccWicBhn4JZXdFgdSDy6Bc8/640?wx_fmt=other&from=appmsg&watermark=1&tp=webp&wxfrom=5&wx_lazy=1#imgIndex=5 img true https://mmbiz.qpic.cn/sz_mmbiz_jpg/hmkxKic9qKJHYibN7kAnrB7y2DwwhBafguMsDNBUXLH7LW93vSTSs1vEOjBz6cnloqloVt2nH7AEkMvw9XPSFfIccWicBhn4JZXdFgdSDy6Bc8/640?wx_fmt=other&from=appmsg&watermark=1#imgIndex=5 @ https://res.wx.qq.com/mmbizappmsg/zh_CN/htmledition/js/assets/appmsg.mrivjjhka9cf47e9.js:2
[  254240ms] [LOG] https://mmbiz.qpic.cn/sz_mmbiz_jpg/hmkxKic9qKJHYGsQj2coz5EOHDntpfpxupNnlYCnjDOfjjR7JvgCOJ4Ibial8pCXmdZN2hk7OUS40UiafloTCAT0f7bviak7FJdpEFYwbogVarg/640?wx_fmt=other&from=appmsg&watermark=1&tp=webp&wxfrom=5&wx_lazy=1#imgIndex=6 img true https://mmbiz.qpic.cn/sz_mmbiz_jpg/hmkxKic9qKJHYGsQj2coz5EOHDntpfpxupNnlYCnjDOfjjR7JvgCOJ4Ibial8pCXmdZN2hk7OUS40UiafloTCAT0f7bviak7FJdpEFYwbogVarg/640?wx_fmt=other&from=appmsg&watermark=1#imgIndex=6 @ https://res.wx.qq.com/mmbizappmsg/zh_CN/htmledition/js/assets/appmsg.mrivjjhka9cf47e9.js:2
[  254731ms] [LOG] [comm_report] reportjson:  {bizuin: MzUzMzY4Njc0NA==, appmsgid: 2247486659, itemidx: 1, scene: 0, subscene: 0} @ https://res.wx.qq.com/mmbizappmsg/zh_CN/htmledition/js/assets/page_utils.mrivjjhkfd4bacbc.js:0
[  255732ms] [LOG] [reportData]:  {count: 1, reportjson0: {"bizuin":"MzUzMzY4Njc0NA==","appmsgid":2247486659…mgIndex=5","log_id":34384,"TimeStamp":1784009475}} @ https://res.wx.qq.com/mmbizappmsg/zh_CN/htmledition/js/assets/page_utils.mrivjjhkfd4bacbc.js:0
[  255732ms] [LOG] dedupePromise key=getBiz:false:1 existing=undefined @ https://res.wx.qq.com/mmbizappmsg/zh_CN/htmledition/js/assets/page_utils.mrivjjhkfd4bacbc.js:0
[  258760ms] [LOG] https://mmbiz.qpic.cn/sz_mmbiz_jpg/hmkxKic9qKJFaicFTT8kia5Z8rMZw7SM4dlttRNaib6S2HLbxJKRdTpldKlJqbp2RNpcvOx0zvsaYHBI4tUtbKAzJYOGz4oA6Ujqu79kTGRCDVc/640?wx_fmt=other&from=appmsg&watermark=1&tp=webp&wxfrom=5&wx_lazy=1#imgIndex=7 img true https://mmbiz.qpic.cn/sz_mmbiz_jpg/hmkxKic9qKJFaicFTT8kia5Z8rMZw7SM4dlttRNaib6S2HLbxJKRdTpldKlJqbp2RNpcvOx0zvsaYHBI4tUtbKAzJYOGz4oA6Ujqu79kTGRCDVc/640?wx_fmt=other&from=appmsg&watermark=1#imgIndex=7 @ https://res.wx.qq.com/mmbizappmsg/zh_CN/htmledition/js/assets/appmsg.mrivjjhka9cf47e9.js:2
[  259200ms] [LOG] [comm_report] reportjson:  {bizuin: MzUzMzY4Njc0NA==, appmsgid: 2247486659, itemidx: 1, scene: 0, subscene: 0} @ https://res.wx.qq.com/mmbizappmsg/zh_CN/htmledition/js/assets/page_utils.mrivjjhkfd4bacbc.js:0
[  260202ms] [LOG] [reportData]:  {count: 1, reportjson0: {"bizuin":"MzUzMzY4Njc0NA==","appmsgid":2247486659…mgIndex=6","log_id":34384,"TimeStamp":1784009480}} @ https://res.wx.qq.com/mmbizappmsg/zh_CN/htmledition/js/assets/page_utils.mrivjjhkfd4bacbc.js:0
[  260202ms] [LOG] dedupePromise key=getBiz:false:1 existing=undefined @ https://res.wx.qq.com/mmbizappmsg/zh_CN/htmledition/js/assets/page_utils.mrivjjhkfd4bacbc.js:0
[  265250ms] [LOG] [comm_report] reportjson:  {bizuin: MzUzMzY4Njc0NA==, appmsgid: 2247486659, itemidx: 1, scene: 0, subscene: 0} @ https://res.wx.qq.com/mmbizappmsg/zh_CN/htmledition/js/assets/page_utils.mrivjjhkfd4bacbc.js:0
[  266251ms] [LOG] [reportData]:  {count: 1, reportjson0: {"bizuin":"MzUzMzY4Njc0NA==","appmsgid":2247486659…mgIndex=7","log_id":34384,"TimeStamp":1784009486}} @ https://res.wx.qq.com/mmbizappmsg/zh_CN/htmledition/js/assets/page_utils.mrivjjhkfd4bacbc.js:0
[  266252ms] [LOG] dedupePromise key=getBiz:false:1 existing=undefined @ https://res.wx.qq.com/mmbizappmsg/zh_CN/htmledition/js/assets/page_utils.mrivjjhkfd4bacbc.js:0
[  267759ms] [LOG] https://mmbiz.qpic.cn/sz_mmbiz_jpg/hmkxKic9qKJGsjAPJv9iaiaicXI8a0x4mBwM9RRYSxT4c4LUEicZk2xx6RiaRjLLTacOCZyYia5FMiac4ZNvxia4GNaoiaJJ8wzIt2pozcjkRdVq3CfibI/640?wx_fmt=other&from=appmsg&watermark=1&tp=webp&wxfrom=5&wx_lazy=1#imgIndex=8 img true https://mmbiz.qpic.cn/sz_mmbiz_jpg/hmkxKic9qKJGsjAPJv9iaiaicXI8a0x4mBwM9RRYSxT4c4LUEicZk2xx6RiaRjLLTacOCZyYia5FMiac4ZNvxia4GNaoiaJJ8wzIt2pozcjkRdVq3CfibI/640?wx_fmt=other&from=appmsg&watermark=1#imgIndex=8 @ https://res.wx.qq.com/mmbizappmsg/zh_CN/htmledition/js/assets/appmsg.mrivjjhka9cf47e9.js:2
[  268334ms] [LOG] [comm_report] reportjson:  {bizuin: MzUzMzY4Njc0NA==, appmsgid: 2247486659, itemidx: 1, scene: 0, subscene: 0} @ https://res.wx.qq.com/mmbizappmsg/zh_CN/htmledition/js/assets/page_utils.mrivjjhkfd4bacbc.js:0
[  269334ms] [LOG] [reportData]:  {count: 1, reportjson0: {"bizuin":"MzUzMzY4Njc0NA==","appmsgid":2247486659…mgIndex=8","log_id":34384,"TimeStamp":1784009489}} @ https://res.wx.qq.com/mmbizappmsg/zh_CN/htmledition/js/assets/page_utils.mrivjjhkfd4bacbc.js:0
[  269334ms] [LOG] dedupePromise key=getBiz:false:1 existing=undefined @ https://res.wx.qq.com/mmbizappmsg/zh_CN/htmledition/js/assets/page_utils.mrivjjhkfd4bacbc.js:0
[  270286ms] [LOG] https://mmbiz.qpic.cn/sz_mmbiz_jpg/hmkxKic9qKJEOvWbNE4zX7rXomMpoxY9YWq993z5GrshtMx2mKeIuUXJFsh2QKqNdAGgaOJqYjGraicicb3ic9gGus3g0FlfQiaGibzUn5wvrLHIo/640?wx_fmt=other&from=appmsg&watermark=1&tp=webp&wxfrom=5&wx_lazy=1#imgIndex=9 img true https://mmbiz.qpic.cn/sz_mmbiz_jpg/hmkxKic9qKJEOvWbNE4zX7rXomMpoxY9YWq993z5GrshtMx2mKeIuUXJFsh2QKqNdAGgaOJqYjGraicicb3ic9gGus3g0FlfQiaGibzUn5wvrLHIo/640?wx_fmt=other&from=appmsg&watermark=1#imgIndex=9 @ https://res.wx.qq.com/mmbizappmsg/zh_CN/htmledition/js/assets/appmsg.mrivjjhka9cf47e9.js:2
[  270333ms] [LOG] ======all-img-loaded @ https://res.wx.qq.com/mmbizappmsg/zh_CN/htmledition/js/assets/appmsg.mrivjjhka9cf47e9.js:2
[  270845ms] [LOG] [comm_report] reportjson:  {bizuin: MzUzMzY4Njc0NA==, appmsgid: 2247486659, itemidx: 1, scene: 0, subscene: 0} @ https://res.wx.qq.com/mmbizappmsg/zh_CN/htmledition/js/assets/page_utils.mrivjjhkfd4bacbc.js:0
[  271845ms] [LOG] [reportData]:  {count: 1, reportjson0: {"bizuin":"MzUzMzY4Njc0NA==","appmsgid":2247486659…mgIndex=9","log_id":34384,"TimeStamp":1784009491}} @ https://res.wx.qq.com/mmbizappmsg/zh_CN/htmledition/js/assets/page_utils.mrivjjhkfd4bacbc.js:0
[  271845ms] [LOG] dedupePromise key=getBiz:false:1 existing=undefined @ https://res.wx.qq.com/mmbizappmsg/zh_CN/htmledition/js/assets/page_utils.mrivjjhkfd4bacbc.js:0
[  278956ms] [LOG] [comm_report] reportjson:  {BizUin: 3533686744, MsgId: 2247486659, ItemIdx: 1, AuthorId: ofMoI49y8fXHUm9q2HC1swgjXzIw, Scene: 0} @ https://res.wx.qq.com/mmbizappmsg/zh_CN/htmledition/js/assets/page_utils.mrivjjhkfd4bacbc.js:0
[  278967ms] [LOG] dedupePromise key=getBiz:false:1 existing=undefined @ https://res.wx.qq.com/mmbizappmsg/zh_CN/htmledition/js/assets/page_utils.mrivjjhkfd4bacbc.js:0
[  279014ms] [LOG] [comm_report] reportjson:  {CgiPath: /mp/author, Action: show, Query: ?action=show&__biz=MzUzMzY4Njc0NA==&appmsgid=22474…%3D&appmsg_token=&x5=0&f=json&user_article_role=0, PostData: , Method: GET} @ https://res.wx.qq.com/mmbizappmsg/zh_CN/htmledition/js/assets/page_utils.mrivjjhkfd4bacbc.js:0
[  279957ms] [LOG] [reportData]:  {count: 2, reportjson0: {"BizUin":3533686744,"MsgId":2247486659,"ItemIdx":…"OpType":1,"log_id":30600,"TimeStamp":1784009500}, reportjson1: {"CgiPath":"/mp/author","Action":"show","Query":"?…in.qq.com","log_id":36408,"TimeStamp":1784009500}} @ https://res.wx.qq.com/mmbizappmsg/zh_CN/htmledition/js/assets/page_utils.mrivjjhkfd4bacbc.js:0
[  279957ms] [LOG] dedupePromise key=getBiz:false:1 existing=undefined @ https://res.wx.qq.com/mmbizappmsg/zh_CN/htmledition/js/assets/page_utils.mrivjjhkfd4bacbc.js:0
[  284774ms] [LOG] [PagePos] start unloadReport @ https://res.wx.qq.com/mmbizappmsg/zh_CN/htmledition/js/assets/store.mrivjjhk3c3a8dca.js:0
