[     813ms] [WARNING] Mixed Content: The page at 'https://mp.weixin.qq.com/s/0TgOg0lZG-4dF17jFDisLA' was loaded over HTTPS, but requested an insecure element 'http://mmbiz.qpic.cn/mmbiz_png/A5AZPRIiakEIhcjXobvFF8FDDoabQibiaMTW3LBXK5VD5ciaKeWYxQia4GxOHv8v6WJUkZwetGNGvWtUoanWNTuIgMQ/0?wx_fmt=png'. This request was automatically upgraded to HTTPS, For more information see https://blog.chromium.org/2019/10/no-more-mixed-messages-about-https.html @ https://mp.weixin.qq.com/s/0TgOg0lZG-4dF17jFDisLA:0
[    2328ms] [WARNING] Mixed Content: The page at 'https://mp.weixin.qq.com/s/0TgOg0lZG-4dF17jFDisLA' was loaded over HTTPS, but requested an insecure element 'http://mmbiz.qpic.cn/mmbiz_png/A5AZPRIiakEIhcjXobvFF8FDDoabQibiaMTW3LBXK5VD5ciaKeWYxQia4GxOHv8v6WJUkZwetGNGvWtUoanWNTuIgMQ/0?wx_fmt=png'. This request was automatically upgraded to HTTPS, For more information see https://blog.chromium.org/2019/10/no-more-mixed-messages-about-https.html @ https://mp.weixin.qq.com/s/0TgOg0lZG-4dF17jFDisLA:3889
[    2726ms] [LOG] tingIsShow, tingHeardCnt   @ https://mp.weixin.qq.com/s/0TgOg0lZG-4dF17jFDisLA:42629
[    2820ms] [LOG] canUseStar, startPersonCnt false  @ https://mp.weixin.qq.com/s/0TgOg0lZG-4dF17jFDisLA:46005
[    2840ms] [LOG] SyntaxError: Unexpected end of JSON input
    at JSON.parse (<anonymous>)
    at __setPageContentBottomData (https://mp.weixin.qq.com/s/0TgOg0lZG-4dF17jFDisLA:47238:77)
    at https://mp.weixin.qq.com/s/0TgOg0lZG-4dF17jFDisLA:47298:5
    at https://mp.weixin.qq.com/s/0TgOg0lZG-4dF17jFDisLA:47304:3 @ https://mp.weixin.qq.com/s/0TgOg0lZG-4dF17jFDisLA:47284
[    2883ms] [LOG] dedupePromise key=getBiz:false:1 existing=undefined @ https://res.wx.qq.com/mmbizappmsg/zh_CN/htmledition/js/assets/page_utils.mremdt8v14c6082f.js:0
[    2894ms] [LOG] dedupePromise key=getBiz:false:1 existing=[object Promise] @ https://res.wx.qq.com/mmbizappmsg/zh_CN/htmledition/js/assets/page_utils.mremdt8v14c6082f.js:0
[    2895ms] [LOG] dedupePromise key=getAllBiz:false existing=undefined @ https://res.wx.qq.com/mmbizappmsg/zh_CN/htmledition/js/assets/page_utils.mremdt8v14c6082f.js:0
[    2895ms] [LOG] dedupePromise key=getWxInfo existing=undefined @ https://res.wx.qq.com/mmbizappmsg/zh_CN/htmledition/js/assets/page_utils.mremdt8v14c6082f.js:0
[    2895ms] [LOG] dedupePromise key=getBiz:false:1 existing=[object Promise] @ https://res.wx.qq.com/mmbizappmsg/zh_CN/htmledition/js/assets/page_utils.mremdt8v14c6082f.js:0
[    3064ms] [LOG] dedupePromise key=getBiz:false:1 existing=[object Promise] @ https://res.wx.qq.com/mmbizappmsg/zh_CN/htmledition/js/assets/page_utils.mremdt8v14c6082f.js:0
[    3064ms] [LOG] dedupePromise key=getAllBiz:false existing=[object Promise] @ https://res.wx.qq.com/mmbizappmsg/zh_CN/htmledition/js/assets/page_utils.mremdt8v14c6082f.js:0
[    3065ms] [LOG] dedupePromise key=getWxInfo existing=[object Promise] @ https://res.wx.qq.com/mmbizappmsg/zh_CN/htmledition/js/assets/page_utils.mremdt8v14c6082f.js:0
[    3065ms] [LOG] dedupePromise key=getBiz:false:1 existing=[object Promise] @ https://res.wx.qq.com/mmbizappmsg/zh_CN/htmledition/js/assets/page_utils.mremdt8v14c6082f.js:0
[    3110ms] [LOG] dedupePromise key=getBiz:false:1 existing=[object Promise] @ https://res.wx.qq.com/mmbizappmsg/zh_CN/htmledition/js/assets/page_utils.mremdt8v14c6082f.js:0
[    3450ms] [LOG] dedupePromise key=getBiz:false:1 existing=[object Promise] @ https://res.wx.qq.com/mmbizappmsg/zh_CN/htmledition/js/assets/page_utils.mremdt8v14c6082f.js:0
[    3451ms] [LOG] dedupePromise key=getAllBiz:false existing=[object Promise] @ https://res.wx.qq.com/mmbizappmsg/zh_CN/htmledition/js/assets/page_utils.mremdt8v14c6082f.js:0
[    3453ms] [LOG] dedupePromise key=getWxInfo existing=[object Promise] @ https://res.wx.qq.com/mmbizappmsg/zh_CN/htmledition/js/assets/page_utils.mremdt8v14c6082f.js:0
[    3545ms] [LOG] support wcslplayer false @ https://res.wx.qq.com/mmbizappmsg/zh_CN/htmledition/js/assets/cover_next.mremdt8vb7563ca7.js:0
[    3559ms] [LOG] canUseStar, startPersonCnt false <%@JsEncode($user_info.appmsg_bar_data.star_num.DATA$)%> @ https://res.wx.qq.com/mmbizappmsg/zh_CN/htmledition/js/assets/set_star.mremdt8v26a213d3.js:0
[    3693ms] [LOG] in white list undefined 1783913328212 @ https://res.wx.qq.com/mmbizappmsg/zh_CN/htmledition/js/assets/wxwork_hidden.mremdt8v5a537133.js:2
[    3697ms] [LOG] dedupePromise key=getBiz:false:1 existing=[object Promise] @ https://res.wx.qq.com/mmbizappmsg/zh_CN/htmledition/js/assets/page_utils.mremdt8v14c6082f.js:0
[    3704ms] [LOG] dedupePromise key=getBiz:false:1 existing=[object Promise] @ https://res.wx.qq.com/mmbizappmsg/zh_CN/htmledition/js/assets/page_utils.mremdt8v14c6082f.js:0
[    3711ms] [LOG] dedupePromise key=getBiz:false:1 existing=[object Promise] @ https://res.wx.qq.com/mmbizappmsg/zh_CN/htmledition/js/assets/page_utils.mremdt8v14c6082f.js:0
[    3720ms] [LOG] [Appmsg comment] start get comment data, url:/mp/appmsg_comment?action=getcomment&scene=0&appmsgid=2247485517&idx=1&__biz=MzUzMzY4Njc0NA==&comment_id=3843114052491608065&offset=0&buffer=&limit=100&send_time=&sessionid=svr_7c54081fa4b&enterid=1783913324&top_content_id=&top_reply_id=&comment_scene=0 @ https://res.wx.qq.com/mmbizappmsg/zh_CN/htmledition/js/assets/appmsg_comment.mremdt8v9b54fb91.js:4
[    3721ms] [LOG] dedupePromise key=getBiz:false:1 existing=[object Promise] @ https://res.wx.qq.com/mmbizappmsg/zh_CN/htmledition/js/assets/page_utils.mremdt8v14c6082f.js:0
[    3755ms] [LOG] dedupePromise key=getAllBiz:false existing=[object Promise] @ https://res.wx.qq.com/mmbizappmsg/zh_CN/htmledition/js/assets/page_utils.mremdt8v14c6082f.js:0
[    3759ms] [LOG] getIdentity========== @ https://res.wx.qq.com/mmbizappmsg/zh_CN/htmledition/js/assets/Identity.mremdt8v1aa04cd7.js:2
[    3759ms] [LOG] dedupePromise key=getBiz:false:1 existing=[object Promise] @ https://res.wx.qq.com/mmbizappmsg/zh_CN/htmledition/js/assets/page_utils.mremdt8v14c6082f.js:0
[    3761ms] [INFO] [IndexedDBAdapter] IndexedDB initialized successfully  @ https://res.wx.qq.com/mmbizappmsg/zh_CN/htmledition/js/assets/state_sync_manager.mremdt8vf32ac7dc.js:2
[    3763ms] [INFO] [图文信息] 三元组: MzUzMzY4Njc0NA== 2247485517 1 @ https://res.wx.qq.com/mmbizappmsg/zh_CN/htmledition/js/assets/appmsg.mremdt8v49bbe3b0.js:8
[    3763ms] [INFO] [用户信息] 设备信息: 是否安卓 undefined 是否IOS undefined 是否秒开场景 undefined 系统版本 10_15 用户uin 0 是否小程序内打开 false @ https://res.wx.qq.com/mmbizappmsg/zh_CN/htmledition/js/assets/appmsg.mremdt8v49bbe3b0.js:8
[    3763ms] [LOG] wx config web compt result [wxOpen] {err_msg: handleMPPageAction:fail_webcompt unsupported} @ https://res.wx.qq.com/mmbizappmsg/zh_CN/htmledition/js/assets/page_utils.mremdt8v14c6082f.js:0
[    3769ms] [LOG] dedupePromise key=getBiz:false:1 existing=[object Promise] @ https://res.wx.qq.com/mmbizappmsg/zh_CN/htmledition/js/assets/page_utils.mremdt8v14c6082f.js:0
[    3791ms] [INFO] [(评论、点赞、赞赏) 发送请求]:  Mon Jul 13 2026 11:28:48 GMT+0800 (中国标准时间) @ https://res.wx.qq.com/mmbizappmsg/zh_CN/htmledition/js/assets/appmsgext.mremdt8v86d422f1.js:0
[    3792ms] [LOG] dedupePromise key=getBiz:false:1 existing=[object Promise] @ https://res.wx.qq.com/mmbizappmsg/zh_CN/htmledition/js/assets/page_utils.mremdt8v14c6082f.js:0
[    3795ms] [LOG] dedupePromise key=getBiz:false:1 existing=[object Promise] @ https://res.wx.qq.com/mmbizappmsg/zh_CN/htmledition/js/assets/page_utils.mremdt8v14c6082f.js:0
[    4023ms] [LOG] ======ad fontScaleCssVars change 1 1 1 @ https://res.wx.qq.com/mmbizappmsg/zh_CN/htmledition/js/assets/a.mremdt8v88f447e6.js:0
[    4068ms] [INFO] [广告发送请求] 是否拉取广告 0 @ https://res.wx.qq.com/mmbizappmsg/zh_CN/htmledition/js/assets/mp_async.mremdt8v696987e0.js:0
[    4068ms] [INFO] [强制广告] 是否强制去掉广告 0 @ https://res.wx.qq.com/mmbizappmsg/zh_CN/htmledition/js/assets/mp_async.mremdt8v696987e0.js:0
[    4069ms] [LOG] dedupePromise key=getBiz:false:1 existing=[object Promise] @ https://res.wx.qq.com/mmbizappmsg/zh_CN/htmledition/js/assets/page_utils.mremdt8v14c6082f.js:0
[    4080ms] [LOG] [PagePos] init entry @ https://res.wx.qq.com/mmbizappmsg/zh_CN/htmledition/js/assets/appmsg.mremdt8v49bbe3b0.js:8
[    4081ms] [LOG] [PagePos] init call @ https://res.wx.qq.com/mmbizappmsg/zh_CN/htmledition/js/assets/store.mremdt8v63d0b691.js:0
[    4099ms] [LOG] [PagePos] commReport leaveReport addReport @ https://res.wx.qq.com/mmbizappmsg/zh_CN/htmledition/js/assets/store.mremdt8v63d0b691.js:0
[    4108ms] [LOG] [Appmsg comment] start get comment data, url:/mp/appmsg_comment?action=getcomment&scene=0&appmsgid=2247485517&idx=1&__biz=MzUzMzY4Njc0NA==&comment_id=3843114052491608065&offset=0&buffer=&limit=100&send_time=&sessionid=svr_7c54081fa4b&enterid=1783913324&top_content_id=&top_reply_id=&comment_scene=0 @ https://res.wx.qq.com/mmbizappmsg/zh_CN/htmledition/js/assets/appmsg_comment.mremdt8v9b54fb91.js:4
[    4109ms] [LOG] dedupePromise key=getBiz:false:1 existing=[object Promise] @ https://res.wx.qq.com/mmbizappmsg/zh_CN/htmledition/js/assets/page_utils.mremdt8v14c6082f.js:0
[    4113ms] [WARNING] Mixed Content: The page at 'https://mp.weixin.qq.com/s/0TgOg0lZG-4dF17jFDisLA' was loaded over HTTPS, but requested an insecure element 'http://mmbiz.qpic.cn/mmbiz_png/A5AZPRIiakEIhcjXobvFF8FDDoabQibiaMTW3LBXK5VD5ciaKeWYxQia4GxOHv8v6WJUkZwetGNGvWtUoanWNTuIgMQ/300?wx_fmt=png&wxfrom=18'. This request was automatically upgraded to HTTPS, For more information see https://blog.chromium.org/2019/10/no-more-mixed-messages-about-https.html @ https://mp.weixin.qq.com/s/0TgOg0lZG-4dF17jFDisLA:0
[    4151ms] [INFO] [currentMpInfo]set url {interaction_url: , underline_url: } @ https://res.wx.qq.com/mmbizappmsg/zh_CN/htmledition/js/assets/appmsg.mremdt8v49bbe3b0.js:8
[    4165ms] [LOG] dedupePromise key=getBiz:false:1 existing=undefined @ https://mp.weixin.qq.com/s/0TgOg0lZG-4dF17jFDisLA:5396
[    4275ms] [LOG] https://mmbiz.qpic.cn/mmbiz_png/A5AZPRIiakEIDk2n3sT9iaww2rdCdMwetWOuoykHKEecYUXBIiaNKzNcfU1NQ8VotDPcVt9NxZLkwWKHuhCbC2B7w/640?wx_fmt=png&from=appmsg&tp=webp&wxfrom=5&wx_lazy=1#imgIndex=0 img false https://mmbiz.qpic.cn/mmbiz_png/A5AZPRIiakEIDk2n3sT9iaww2rdCdMwetWOuoykHKEecYUXBIiaNKzNcfU1NQ8VotDPcVt9NxZLkwWKHuhCbC2B7w/640?wx_fmt=png&from=appmsg#imgIndex=0 @ https://res.wx.qq.com/mmbizappmsg/zh_CN/htmledition/js/assets/appmsg.mremdt8v49bbe3b0.js:2
[    4332ms] [LOG] [comm_report] reportjson:  {CgiPath: /mp/frontendcommstore, Action: , Query: ?operate_type=GetServiceData&service_name=phPopove…%3D&appmsg_token=&x5=0&f=json&user_article_role=0, PostData: , Method: GET} @ https://res.wx.qq.com/mmbizappmsg/zh_CN/htmledition/js/assets/page_utils.mremdt8v14c6082f.js:0
[    4332ms] [ERROR] Unknown error happened. @ https://res.wx.qq.com/mmbizappmsg/zh_CN/htmledition/js/assets/handle_change_inter_identity.mremdt8vd2af07a0.js:7
[    4333ms] [LOG] [comm_report] reportjson:  {CgiPath: /mp/appmsg_comment, Action: getcomment, Query: ?action=getcomment&scene=0&appmsgid=2247485517&idx…%3D&appmsg_token=&x5=0&f=json&user_article_role=0, PostData: , Method: GET} @ https://res.wx.qq.com/mmbizappmsg/zh_CN/htmledition/js/assets/page_utils.mremdt8v14c6082f.js:0
[    4338ms] [LOG] [comm_report] reportjson:  {CgiPath: /mp/relatedsearchword, Action: getimagekeyword, Query: ?action=getimagekeyword&__biz=MzUzMzY4Njc0NA==&mid…%3D&appmsg_token=&x5=0&f=json&user_article_role=0, PostData: , Method: GET} @ https://res.wx.qq.com/mmbizappmsg/zh_CN/htmledition/js/assets/page_utils.mremdt8v14c6082f.js:0
[    4339ms] [LOG] [comm_report] reportjson:  {CgiPath: /mp/getbizbanner, Action: , Query: ?__biz=MzUzMzY4Njc0NA==&uin=&key=&pass_ticket=&wxt…%3D&appmsg_token=&x5=0&f=json&user_article_role=0, PostData: , Method: GET} @ https://res.wx.qq.com/mmbizappmsg/zh_CN/htmledition/js/assets/page_utils.mremdt8v14c6082f.js:0
[    4339ms] [LOG] [reportData]:  {count: 4, reportjson0: {"CgiPath":"/mp/frontendcommstore","Action":"","Qu…in.qq.com","log_id":36408,"TimeStamp":1783913329}, reportjson1: {"CgiPath":"/mp/appmsg_comment","Action":"getcomme…in.qq.com","log_id":36408,"TimeStamp":1783913329}, reportjson2: {"CgiPath":"/mp/relatedsearchword","Action":"getim…in.qq.com","log_id":36408,"TimeStamp":1783913329}, reportjson3: {"CgiPath":"/mp/getbizbanner","Action":"","Query":…in.qq.com","log_id":36408,"TimeStamp":1783913329}} @ https://res.wx.qq.com/mmbizappmsg/zh_CN/htmledition/js/assets/page_utils.mremdt8v14c6082f.js:0
[    4340ms] [LOG] dedupePromise key=getBiz:false:1 existing=undefined @ https://res.wx.qq.com/mmbizappmsg/zh_CN/htmledition/js/assets/page_utils.mremdt8v14c6082f.js:0
[    4345ms] [LOG] [comm_report] reportjson:  {CgiPath: /mp/getappmsgad, Action: , Query: ?f=json&mockid=&rtx=&uin=&key=&pass_ticket=&wxtoke…%3D&appmsg_token=&x5=0&f=json&user_article_role=0, PostData: r=0.05301732821482685&appmsg_type=9&mid=2247485517…eed_ad=0&both_ad=0&pos_type_list=&vid_list=%5B%5D, Method: POST} @ https://res.wx.qq.com/mmbizappmsg/zh_CN/htmledition/js/assets/page_utils.mremdt8v14c6082f.js:0
[    4350ms] [INFO] [广告响应请求] {base_resp: Object, ret: -3, errmsg: no session, cookie_count: 0} @ https://res.wx.qq.com/mmbizappmsg/zh_CN/htmledition/js/assets/mp_async.mremdt8v696987e0.js:0
[    4352ms] [LOG] [comm_report] reportjson:  {CgiPath: /mp/appmsg_comment, Action: getextracomment, Query: ?action=getextracomment&appmsgid=2247485517&idx=1&…%3D&appmsg_token=&x5=0&f=json&user_article_role=0, PostData: , Method: GET} @ https://res.wx.qq.com/mmbizappmsg/zh_CN/htmledition/js/assets/page_utils.mremdt8v14c6082f.js:0
[    4353ms] [LOG] [comm_report] reportjson:  {CgiPath: /mp/appmsg_comment, Action: getidentitylist, Query: ?action=getidentitylist&scene=0&register=0&uin=&ke…%3D&appmsg_token=&x5=0&f=json&user_article_role=0, PostData: , Method: GET} @ https://res.wx.qq.com/mmbizappmsg/zh_CN/htmledition/js/assets/page_utils.mremdt8v14c6082f.js:0
[    4355ms] [LOG] [comm_report] reportjson:  {CgiPath: /mp/getappmsgext, Action: , Query: ?f=json&mock=&uin=&key=&pass_ticket=&wxtoken=777&d…%3D&appmsg_token=&x5=0&f=json&user_article_role=0, PostData: r=0.7255520191265377&__biz=MzUzMzY4Njc0NA%3D%3D&ap…key_extinfo=&segment_comment_id=0&business_type=0, Method: POST} @ https://res.wx.qq.com/mmbizappmsg/zh_CN/htmledition/js/assets/page_utils.mremdt8v14c6082f.js:0
[    4355ms] [LOG] [reportData]:  {count: 4, reportjson0: {"CgiPath":"/mp/getappmsgad","Action":"","Query":"…in.qq.com","log_id":36408,"TimeStamp":1783913329}, reportjson1: {"CgiPath":"/mp/appmsg_comment","Action":"getextra…in.qq.com","log_id":36408,"TimeStamp":1783913329}, reportjson2: {"CgiPath":"/mp/appmsg_comment","Action":"getident…in.qq.com","log_id":36408,"TimeStamp":1783913329}, reportjson3: {"CgiPath":"/mp/getappmsgext","Action":"","Query":…in.qq.com","log_id":36408,"TimeStamp":1783913329}} @ https://res.wx.qq.com/mmbizappmsg/zh_CN/htmledition/js/assets/page_utils.mremdt8v14c6082f.js:0
[    4355ms] [LOG] dedupePromise key=getBiz:false:1 existing=undefined @ https://res.wx.qq.com/mmbizappmsg/zh_CN/htmledition/js/assets/page_utils.mremdt8v14c6082f.js:0
[    4356ms] [INFO] [(评论、点赞、赞赏) 响应请求]:  Mon Jul 13 2026 11:28:48 GMT+0800 (中国标准时间) {advertisement_info: Array(0), appmsg_album_videos: Array(0), base_resp: Object, effective_content_last_html_node: Array(0), link_component_list: Array(0)} @ https://res.wx.qq.com/mmbizappmsg/zh_CN/htmledition/js/assets/appmsgext.mremdt8v86d422f1.js:0
[    4362ms] [WARNING] window.ext_complete_success: true @ https://res.wx.qq.com/mmbizappmsg/zh_CN/htmledition/js/assets/appmsg.mremdt8v49bbe3b0.js:2
[    4380ms] [LOG] [comm_report] reportjson:  {CgiPath: /mp/appmsg_comment, Action: getsegment, Query: ?action=getsegment&appmsgid=2247485517&idx=1&comme…%3D&appmsg_token=&x5=0&f=json&user_article_role=0, PostData: modify_detail=%5B%5D&modify_detail_new=undefined&modify_time=0&linefeed_card=, Method: POST} @ https://res.wx.qq.com/mmbizappmsg/zh_CN/htmledition/js/assets/page_utils.mremdt8v14c6082f.js:0
[    4381ms] [LOG] segmentlist:  {base_resp: Object, ret: -3, errmsg: no session, cookie_count: 0} @ https://res.wx.qq.com/mmbizappmsg/zh_CN/htmledition/js/assets/wxwork_hidden.mremdt8v5a537133.js:2
[    4382ms] [LOG] [comm_report] reportjson:  {CgiPath: /mp/appmsg_comment, Action: getcomment, Query: ?action=getcomment&scene=0&appmsgid=2247485517&idx…%3D&appmsg_token=&x5=0&f=json&user_article_role=0, PostData: , Method: GET} @ https://res.wx.qq.com/mmbizappmsg/zh_CN/htmledition/js/assets/page_utils.mremdt8v14c6082f.js:0
[    4389ms] [LOG] js content size change @ https://res.wx.qq.com/mmbizappmsg/zh_CN/htmledition/js/assets/store.mremdt8v63d0b691.js:0
[    4403ms] [LOG] [comm_report] reportjson:  {bizuin: MzUzMzY4Njc0NA==, msgid: 2247485517, idx: 1, sessionid: svr_7c54081fa4b, itemshowtype: 0} @ https://res.wx.qq.com/mmbizappmsg/zh_CN/htmledition/js/assets/page_utils.mremdt8v14c6082f.js:0
[    4403ms] [LOG] [comm_report] reportjson:  {bizuin: MzUzMzY4Njc0NA==, msgid: 2247485517, idx: 1, sessionid: svr_7c54081fa4b, itemshowtype: 0} @ https://res.wx.qq.com/mmbizappmsg/zh_CN/htmledition/js/assets/page_utils.mremdt8v14c6082f.js:0
[    4404ms] [LOG] [reportData]:  {count: 4, reportjson0: {"CgiPath":"/mp/appmsg_comment","Action":"getsegme…in.qq.com","log_id":36408,"TimeStamp":1783913329}, reportjson1: {"CgiPath":"/mp/appmsg_comment","Action":"getcomme…in.qq.com","log_id":36408,"TimeStamp":1783913329}, reportjson2: {"bizuin":"MzUzMzY4Njc0NA==","msgid":2247485517,"i…xptype":"","log_id":27894,"TimeStamp":1783913329}, reportjson3: {"bizuin":"MzUzMzY4Njc0NA==","msgid":2247485517,"i…xptype":"","log_id":27894,"TimeStamp":1783913329}} @ https://res.wx.qq.com/mmbizappmsg/zh_CN/htmledition/js/assets/page_utils.mremdt8v14c6082f.js:0
[    4404ms] [LOG] dedupePromise key=getBiz:false:1 existing=undefined @ https://res.wx.qq.com/mmbizappmsg/zh_CN/htmledition/js/assets/page_utils.mremdt8v14c6082f.js:0
[    4405ms] [LOG] [comm_report] reportjson:  {bizuin: MzUzMzY4Njc0NA==, msgid: 2247485517, idx: 1, sessionid: svr_7c54081fa4b, itemshowtype: 0} @ https://res.wx.qq.com/mmbizappmsg/zh_CN/htmledition/js/assets/page_utils.mremdt8v14c6082f.js:0
[    4409ms] [LOG] [comm_report] reportjson:  {bizuin: MzUzMzY4Njc0NA==, msgid: 2247485517, idx: 1, sessionid: svr_7c54081fa4b, itemshowtype: 0} @ https://res.wx.qq.com/mmbizappmsg/zh_CN/htmledition/js/assets/page_utils.mremdt8v14c6082f.js:0
[    4464ms] [LOG] js content size change @ https://res.wx.qq.com/mmbizappmsg/zh_CN/htmledition/js/assets/store.mremdt8v63d0b691.js:0
[    4532ms] [ERROR] bottombar-safe-bottom 0 @ https://mp.weixin.qq.com/s/0TgOg0lZG-4dF17jFDisLA:8749
[    4554ms] [LOG] OpenSDK Frame loaded, build time: 2026-6-25 17:57 @ https://open.weixin.qq.com/pcopensdk/frame:1
[    4720ms] [LOG] getRelatedArticleList undefined @ https://res.wx.qq.com/mmbizappmsg/zh_CN/htmledition/js/assets/appmsg.mremdt8v49bbe3b0.js:0
[    4722ms] [WARNING] <meta name="apple-mobile-web-app-capable" content="yes"> is deprecated. Please include <meta name="mobile-web-app-capable" content="yes"> @ https://mp.weixin.qq.com/s/0TgOg0lZG-4dF17jFDisLA:0
[    4724ms] [INFO] [StateSyncManager] State sync manager initialized successfully  @ https://res.wx.qq.com/mmbizappmsg/zh_CN/htmledition/js/assets/state_sync_manager.mremdt8vf32ac7dc.js:2
[    4783ms] [LOG] dedupePromise key=getBiz:false:1 existing=undefined @ https://res.wx.qq.com/mmbizappmsg/zh_CN/htmledition/js/assets/page_utils.mremdt8v14c6082f.js:0
[    4786ms] [ERROR] Failed to load resource: net::ERR_CONNECTION_CLOSED @ https://badjs.weixinbridge.com/frontend/reportspeed?pid=462&uin=0&rid=0&speeds=36_0:0
[    4972ms] [LOG] [comm_report] reportjson:  {CgiPath: /mp/authorreward, Action: , Query: ?act=getrewardsetting&author_id=ofMoI49y8fXHUm9q2H…%3D&appmsg_token=&x5=0&f=json&user_article_role=0, PostData: , Method: POST} @ https://res.wx.qq.com/mmbizappmsg/zh_CN/htmledition/js/assets/page_utils.mremdt8v14c6082f.js:0
[    5031ms] [LOG] [comm_report] reportjson:  {bizuin: MzUzMzY4Njc0NA==, appmsgid: 2247485517, itemidx: 1, scene: 0, subscene: 0} @ https://res.wx.qq.com/mmbizappmsg/zh_CN/htmledition/js/assets/page_utils.mremdt8v14c6082f.js:0
[    5032ms] [LOG] [reportData]:  {count: 4, reportjson0: {"bizuin":"MzUzMzY4Njc0NA==","msgid":2247485517,"i…xptype":"","log_id":27894,"TimeStamp":1783913329}, reportjson1: {"bizuin":"MzUzMzY4Njc0NA==","msgid":2247485517,"i…xptype":"","log_id":27894,"TimeStamp":1783913329}, reportjson2: {"CgiPath":"/mp/authorreward","Action":"","Query":…in.qq.com","log_id":36408,"TimeStamp":1783913330}, reportjson3: {"bizuin":"MzUzMzY4Njc0NA==","appmsgid":2247485517…mgIndex=0","log_id":34384,"TimeStamp":1783913330}} @ https://res.wx.qq.com/mmbizappmsg/zh_CN/htmledition/js/assets/page_utils.mremdt8v14c6082f.js:0
[    5032ms] [LOG] dedupePromise key=getBiz:false:1 existing=undefined @ https://res.wx.qq.com/mmbizappmsg/zh_CN/htmledition/js/assets/page_utils.mremdt8v14c6082f.js:0
[    5173ms] [LOG] dedupePromise key=getBiz:false:1 existing=undefined @ https://mp.weixin.qq.com/s/0TgOg0lZG-4dF17jFDisLA:5396
[    9654ms] [LOG] dedupePromise key=getBiz:false:1 existing=undefined @ https://res.wx.qq.com/mmbizappmsg/zh_CN/htmledition/js/assets/page_utils.mremdt8v14c6082f.js:0
[    9700ms] [LOG] [comm_report] reportjson:  {CgiPath: /mp/appmsgreport, Action: page_time_5s, Query: ?action=page_time_5s&__biz=MzUzMzY4Njc0NA==&uin=&k…%3D&appmsg_token=&x5=0&f=json&user_article_role=0, PostData: report_bizuin=MzUzMzY4Njc0NA%3D%3D&title=%E3%80%90…ype=&expsessionid=&effective_content_height=38166, Method: POST} @ https://res.wx.qq.com/mmbizappmsg/zh_CN/htmledition/js/assets/page_utils.mremdt8v14c6082f.js:0
[   10701ms] [LOG] [reportData]:  {count: 1, reportjson0: {"CgiPath":"/mp/appmsgreport","Action":"page_time_…in.qq.com","log_id":36408,"TimeStamp":1783913334}} @ https://res.wx.qq.com/mmbizappmsg/zh_CN/htmledition/js/assets/page_utils.mremdt8v14c6082f.js:0
[   10702ms] [LOG] dedupePromise key=getBiz:false:1 existing=undefined @ https://res.wx.qq.com/mmbizappmsg/zh_CN/htmledition/js/assets/page_utils.mremdt8v14c6082f.js:0
